Success (18):
datatype 3664 {urn:com:appian:types:CRM}CRM_Scheduled_Test "{urn:com:appian:types:CRM}CRM_Scheduled_Test"
datatype 3970 {urn:com:appian:types:CRM}CRM_ClientDetailsUpdatedView "{urn:com:appian:types:CRM}CRM_ClientDetailsUpdatedView"
dataStore 27661 _a-0000dda7-a71f-8000-9ccd-01ef9001ef90_32771 "Test_DataStore"
content 27268 _a-0000dda7-a71f-8000-9ccd-01ef9001ef90_32781 "BOT Constant"
content 27269 _a-0000dda7-a71f-8000-9ccd-01ef9001ef90_32782 "CRM_SCHEDULED_TASK_STATUS_DETAILS_VIEW"
content 27270 _a-0000dda7-a71f-8000-9ccd-01ef9001ef90_32783 "Expression Rule"
content 27332 _a-0000dda7-a71f-8000-9ccd-01ef9001ef90_32784 "CRM_RP_ScheduledTaskStatusFilterSection"
content 27326 _a-0000dda7-a71f-8000-9ccd-01ef9001ef90_32785 "CRM_getTaskStatusReportChartDataQueryEntity"
content 27337 _a-0000dda7-a71f-8000-9ccd-01ef9001ef90_32787 "CRM_RP_TaskStatusColumnChart"
content 27287 _a-0000dda7-a71f-8000-9ccd-01ef9001ef90_32790 "CRM_RP_TaskStatusColumnChartSeriesData"
content 27331 _a-0000dda7-a71f-8000-9ccd-01ef9001ef90_32795 "CRM_RP_AllTasksPerformanceReport"
content 27329 _a-0000dda7-a71f-8000-9ccd-01ef9001ef90_32796 "CRM_RP_TaskDetailsGridSection"
content 27327 _a-0000dda7-a71f-8000-9ccd-01ef9001ef90_32803 "CRM_getTaskStatusReportGridDataQueryEntity"
content 2696 0000d157-5f3c-8000-7e4e-0a000064044c "Utils"
content 5036 _a-0000d33c-c5a1-8000-7bd7-760000760000_1541 "Utils_CheckIsNull"
processModelFolder 58 _g-0000dda7-7a74-8000-9ccd-014d98014d98_59 "Trial"
processModel 3587 0002ddbb-40f2-8000-9ccd-014d98014d98 "TEST EMAIL"
application 27262 _a-0000dda7-a71f-8000-9ccd-01ef9001ef90_32766 "BOT CRM"

Referenced precedents that were not exported (5):
datatype 3464 {urn:com:appian:types:CRM}CRM_AdditionalFlagAudit
datatype 3866 {urn:com:appian:types:CRM}CRM_BOT_AssignedEmployee
datatype 4066 {urn:com:appian:types:CRM}CRM__BOT_AdditionalFlagAuditView
user AnkitK AnkitK
content 2695 _a-0000d554-08dc-8000-9ba2-011c48011c48_20343

Trace:
2016-10-26 12:33:09.681 DEBUG application 27262 _a-0000dda7-a71f-8000-9ccd-01ef9001ef90_32766 Begin transport.
2016-10-26 12:33:09.681 DEBUG application 27262 _a-0000dda7-a71f-8000-9ccd-01ef9001ef90_32766 Retrieving object data.
2016-10-26 12:33:09.684 DEBUG application 27262 _a-0000dda7-a71f-8000-9ccd-01ef9001ef90_32766 App associated objects: [datatype=[{urn:com:appian:types:CRM}CRM_Scheduled_Test, {urn:com:appian:types:CRM}CRM_ClientDetailsUpdatedView],dataStore=[_a-0000dda7-a71f-8000-9ccd-01ef9001ef90_32771],content=[_a-0000dda7-a71f-8000-9ccd-01ef9001ef90_32781, _a-0000dda7-a71f-8000-9ccd-01ef9001ef90_32782, _a-0000dda7-a71f-8000-9ccd-01ef9001ef90_32783, _a-0000dda7-a71f-8000-9ccd-01ef9001ef90_32784, _a-0000dda7-a71f-8000-9ccd-01ef9001ef90_32785, _a-0000dda7-a71f-8000-9ccd-01ef9001ef90_32787, _a-0000dda7-a71f-8000-9ccd-01ef9001ef90_32790, _a-0000dda7-a71f-8000-9ccd-01ef9001ef90_32795, _a-0000dda7-a71f-8000-9ccd-01ef9001ef90_32796, _a-0000dda7-a71f-8000-9ccd-01ef9001ef90_32803, _a-0000d33c-c5a1-8000-7bd7-760000760000_1541, 0000d157-5f3c-8000-7e4e-0a000064044c],processModelFolder=[_g-0000dda7-7a74-8000-9ccd-014d98014d98_59],processModel=[0002ddbb-40f2-8000-9ccd-014d98014d98]]
2016-10-26 12:33:09.691 DEBUG application 27262 _a-0000dda7-a71f-8000-9ccd-01ef9001ef90_32766 Invalid associated objects: []
2016-10-26 12:33:09.691 DEBUG application 27262 _a-0000dda7-a71f-8000-9ccd-01ef9001ef90_32766 Adding valid associated objects to be exported: GlobalBindingMap[datatype={{urn:com:appian:types:CRM}CRM_Scheduled_Test=3664, {urn:com:appian:types:CRM}CRM_ClientDetailsUpdatedView=3970},dataStore={_a-0000dda7-a71f-8000-9ccd-01ef9001ef90_32771=27661},content={_a-0000dda7-a71f-8000-9ccd-01ef9001ef90_32781=27268, _a-0000dda7-a71f-8000-9ccd-01ef9001ef90_32782=27269, _a-0000dda7-a71f-8000-9ccd-01ef9001ef90_32783=27270, _a-0000dda7-a71f-8000-9ccd-01ef9001ef90_32784=27332, _a-0000dda7-a71f-8000-9ccd-01ef9001ef90_32785=27326, _a-0000dda7-a71f-8000-9ccd-01ef9001ef90_32787=27337, _a-0000dda7-a71f-8000-9ccd-01ef9001ef90_32790=27287, _a-0000dda7-a71f-8000-9ccd-01ef9001ef90_32795=27331, _a-0000dda7-a71f-8000-9ccd-01ef9001ef90_32796=27329, _a-0000dda7-a71f-8000-9ccd-01ef9001ef90_32803=27327, _a-0000d33c-c5a1-8000-7bd7-760000760000_1541=5036, 0000d157-5f3c-8000-7e4e-0a000064044c=2696},processModelFolder={_g-0000dda7-7a74-8000-9ccd-014d98014d98_59=58},processModel={0002ddbb-40f2-8000-9ccd-014d98014d98=3587}]
2016-10-26 12:33:09.691 DEBUG application 27262 _a-0000dda7-a71f-8000-9ccd-01ef9001ef90_32766 Setting uuids of object references.
2016-10-26 12:33:09.691 DEBUG application 27262 _a-0000dda7-a71f-8000-9ccd-01ef9001ef90_32766 Processing reference: Application.forum
2016-10-26 12:33:09.691 DEBUG application 27262 _a-0000dda7-a71f-8000-9ccd-01ef9001ef90_32766 Processing reference: Application.parent
2016-10-26 12:33:09.693 DEBUG application 27262 _a-0000dda7-a71f-8000-9ccd-01ef9001ef90_32766 Processing reference: com.appiancorp.suiteapi.content.ContentRoleMap@7a77dd07[
  ContentRole[name=readers,inherit=false,allowForAll=false]
  ContentRole[name=authors,inherit=false,allowForAll=false]
  ContentRole[name=administrators,usernames=[AnkitK],inherit=false,allowForAll=false]
  ContentRole[name=denyReaders,inherit=false,allowForAll=false]
  ContentRole[name=denyAuthors,inherit=false,allowForAll=false]
  ContentRole[name=denyAdministrators,inherit=false,allowForAll=false]
  securityVector=129:SEC_PUBLIC=true,SEC_CREATOR_ADMIN=true,SEC_INH_ADMIN=false,SEC_INH_EDITOR=false,SEC_INH_VIEWER=false,SEC_ALL_ADMIN=false,SEC_ALL_EDITOR=false,SEC_ALL_VIEWER=false
]
2016-10-26 12:33:09.693 DEBUG application 27262 _a-0000dda7-a71f-8000-9ccd-01ef9001ef90_32766 Processing reference: ContentRole[name=readers,inherit=false,allowForAll=false]
2016-10-26 12:33:09.693 DEBUG application 27262 _a-0000dda7-a71f-8000-9ccd-01ef9001ef90_32766 Processing reference: ContentRole[name=authors,inherit=false,allowForAll=false]
2016-10-26 12:33:09.693 DEBUG application 27262 _a-0000dda7-a71f-8000-9ccd-01ef9001ef90_32766 Processing reference: ContentRole[name=administrators,usernames=[AnkitK],inherit=false,allowForAll=false]
2016-10-26 12:33:09.694 DEBUG application 27262 _a-0000dda7-a71f-8000-9ccd-01ef9001ef90_32766 Processing reference: ContentRole[name=denyReaders,inherit=false,allowForAll=false]
2016-10-26 12:33:09.694 DEBUG application 27262 _a-0000dda7-a71f-8000-9ccd-01ef9001ef90_32766 Processing reference: ContentRole[name=denyAuthors,inherit=false,allowForAll=false]
2016-10-26 12:33:09.694 DEBUG application 27262 _a-0000dda7-a71f-8000-9ccd-01ef9001ef90_32766 Processing reference: ContentRole[name=denyAdministrators,inherit=false,allowForAll=false]
2016-10-26 12:33:09.694 DEBUG datatype 3664 {urn:com:appian:types:CRM}CRM_Scheduled_Test Begin transport.
2016-10-26 12:33:09.694 DEBUG datatype 3664 {urn:com:appian:types:CRM}CRM_Scheduled_Test Retrieving object data.
2016-10-26 12:33:09.718 DEBUG datatype 3664 {urn:com:appian:types:CRM}CRM_Scheduled_Test Setting uuids of object references.
2016-10-26 12:33:09.719 DEBUG datatype 3664 {urn:com:appian:types:CRM}CRM_Scheduled_Test Exporting binary resources.
2016-10-26 12:33:09.719 DEBUG datatype 3664 {urn:com:appian:types:CRM}CRM_Scheduled_Test Serializing object to XML.
2016-10-26 12:33:09.719 DEBUG datatype 3664 {urn:com:appian:types:CRM}CRM_Scheduled_Test Object transported.
2016-10-26 12:33:09.719 DEBUG datatype 3970 {urn:com:appian:types:CRM}CRM_ClientDetailsUpdatedView Begin transport.
2016-10-26 12:33:09.719 DEBUG datatype 3970 {urn:com:appian:types:CRM}CRM_ClientDetailsUpdatedView Retrieving object data.
2016-10-26 12:33:09.742 DEBUG datatype 3970 {urn:com:appian:types:CRM}CRM_ClientDetailsUpdatedView Setting uuids of object references.
2016-10-26 12:33:09.743 DEBUG datatype 3970 {urn:com:appian:types:CRM}CRM_ClientDetailsUpdatedView Exporting binary resources.
2016-10-26 12:33:09.743 DEBUG datatype 3970 {urn:com:appian:types:CRM}CRM_ClientDetailsUpdatedView Serializing object to XML.
2016-10-26 12:33:09.743 DEBUG datatype 3970 {urn:com:appian:types:CRM}CRM_ClientDetailsUpdatedView Object transported.
2016-10-26 12:33:09.745 DEBUG dataStore 27661 _a-0000dda7-a71f-8000-9ccd-01ef9001ef90_32771 Begin transport.
2016-10-26 12:33:09.745 DEBUG dataStore 27661 _a-0000dda7-a71f-8000-9ccd-01ef9001ef90_32771 Retrieving object data.
2016-10-26 12:33:09.748 DEBUG dataStore 27661 _a-0000dda7-a71f-8000-9ccd-01ef9001ef90_32771 Setting uuids of object references.
2016-10-26 12:33:09.748 DEBUG dataStore 27661 _a-0000dda7-a71f-8000-9ccd-01ef9001ef90_32771 Processing reference: datatypeRef[id=3664]
2016-10-26 12:33:09.748 DEBUG dataStore 27661 _a-0000dda7-a71f-8000-9ccd-01ef9001ef90_32771 Processing reference: datatypeRef[id=3970]
2016-10-26 12:33:09.748 DEBUG dataStore 27661 _a-0000dda7-a71f-8000-9ccd-01ef9001ef90_32771 Processing reference: datatypeRef[id=3464]
2016-10-26 12:33:09.75 DEBUG dataStore 27661 _a-0000dda7-a71f-8000-9ccd-01ef9001ef90_32771 Processing reference: datatypeRef[id=3866]
2016-10-26 12:33:09.751 DEBUG dataStore 27661 _a-0000dda7-a71f-8000-9ccd-01ef9001ef90_32771 Processing reference: datatypeRef[id=4066]
2016-10-26 12:33:09.752 DEBUG dataStore 27661 _a-0000dda7-a71f-8000-9ccd-01ef9001ef90_32771 Processing reference: ContentRole[name=administrators,inherit=false,allowForAll=false]
2016-10-26 12:33:09.752 DEBUG dataStore 27661 _a-0000dda7-a71f-8000-9ccd-01ef9001ef90_32771 Processing reference: ContentRole[name=authors,inherit=false,allowForAll=false]
2016-10-26 12:33:09.752 DEBUG dataStore 27661 _a-0000dda7-a71f-8000-9ccd-01ef9001ef90_32771 Processing reference: ContentRole[name=denyAdministrators,inherit=false,allowForAll=false]
2016-10-26 12:33:09.752 DEBUG dataStore 27661 _a-0000dda7-a71f-8000-9ccd-01ef9001ef90_32771 Processing reference: ContentRole[name=denyAuthors,inherit=false,allowForAll=false]
2016-10-26 12:33:09.752 DEBUG dataStore 27661 _a-0000dda7-a71f-8000-9ccd-01ef9001ef90_32771 Processing reference: ContentRole[name=denyReaders,inherit=false,allowForAll=false]
2016-10-26 12:33:09.752 DEBUG dataStore 27661 _a-0000dda7-a71f-8000-9ccd-01ef9001ef90_32771 Processing reference: ContentRole[name=readers,inherit=false,allowForAll=false]
2016-10-26 12:33:09.752 DEBUG dataStore 27661 _a-0000dda7-a71f-8000-9ccd-01ef9001ef90_32771 Exporting binary resources.
2016-10-26 12:33:09.752 DEBUG dataStore 27661 _a-0000dda7-a71f-8000-9ccd-01ef9001ef90_32771 Serializing object to XML.
2016-10-26 12:33:09.753 DEBUG dataStore 27661 _a-0000dda7-a71f-8000-9ccd-01ef9001ef90_32771 Object transported.
2016-10-26 12:33:09.755 DEBUG content 27268 _a-0000dda7-a71f-8000-9ccd-01ef9001ef90_32781 Begin transport.
2016-10-26 12:33:09.755 DEBUG content 27268 _a-0000dda7-a71f-8000-9ccd-01ef9001ef90_32781 Retrieving object data.
2016-10-26 12:33:09.76 DEBUG content 27268 _a-0000dda7-a71f-8000-9ccd-01ef9001ef90_32781 Setting uuids of object references.
2016-10-26 12:33:09.76 DEBUG content 27268 _a-0000dda7-a71f-8000-9ccd-01ef9001ef90_32781 Processing reference: RulesFolder.forum
2016-10-26 12:33:09.761 DEBUG content 27268 _a-0000dda7-a71f-8000-9ccd-01ef9001ef90_32781 Processing reference: RulesFolder.parent
2016-10-26 12:33:09.762 DEBUG content 27268 _a-0000dda7-a71f-8000-9ccd-01ef9001ef90_32781 Processing reference: com.appiancorp.suiteapi.content.ContentRoleMap@2eb488f9[
  ContentRole[name=readers,inherit=true,allowForAll=false]
  ContentRole[name=authors,inherit=true,allowForAll=false]
  ContentRole[name=administrators,inherit=true,allowForAll=false]
  ContentRole[name=denyReaders,inherit=false,allowForAll=false]
  ContentRole[name=denyAuthors,inherit=false,allowForAll=false]
  ContentRole[name=denyAdministrators,inherit=false,allowForAll=false]
  securityVector=15:SEC_PUBLIC=true,SEC_CREATOR_ADMIN=false,SEC_INH_ADMIN=true,SEC_INH_EDITOR=true,SEC_INH_VIEWER=true,SEC_ALL_ADMIN=false,SEC_ALL_EDITOR=false,SEC_ALL_VIEWER=false
]
2016-10-26 12:33:09.762 DEBUG content 27268 _a-0000dda7-a71f-8000-9ccd-01ef9001ef90_32781 Processing reference: ContentRole[name=readers,inherit=true,allowForAll=false]
2016-10-26 12:33:09.762 DEBUG content 27268 _a-0000dda7-a71f-8000-9ccd-01ef9001ef90_32781 Processing reference: ContentRole[name=authors,inherit=true,allowForAll=false]
2016-10-26 12:33:09.762 DEBUG content 27268 _a-0000dda7-a71f-8000-9ccd-01ef9001ef90_32781 Processing reference: ContentRole[name=administrators,inherit=true,allowForAll=false]
2016-10-26 12:33:09.762 DEBUG content 27268 _a-0000dda7-a71f-8000-9ccd-01ef9001ef90_32781 Processing reference: ContentRole[name=denyReaders,inherit=false,allowForAll=false]
2016-10-26 12:33:09.762 DEBUG content 27268 _a-0000dda7-a71f-8000-9ccd-01ef9001ef90_32781 Processing reference: ContentRole[name=denyAuthors,inherit=false,allowForAll=false]
2016-10-26 12:33:09.762 DEBUG content 27268 _a-0000dda7-a71f-8000-9ccd-01ef9001ef90_32781 Processing reference: ContentRole[name=denyAdministrators,inherit=false,allowForAll=false]
2016-10-26 12:33:09.762 DEBUG content 27268 _a-0000dda7-a71f-8000-9ccd-01ef9001ef90_32781 Exporting binary resources.
2016-10-26 12:33:09.762 DEBUG content 27268 _a-0000dda7-a71f-8000-9ccd-01ef9001ef90_32781 Serializing object to XML.
2016-10-26 12:33:09.762 DEBUG content 27268 _a-0000dda7-a71f-8000-9ccd-01ef9001ef90_32781 Object transported.
2016-10-26 12:33:09.762 DEBUG content 27269 _a-0000dda7-a71f-8000-9ccd-01ef9001ef90_32782 Begin transport.
2016-10-26 12:33:09.762 DEBUG content 27269 _a-0000dda7-a71f-8000-9ccd-01ef9001ef90_32782 Retrieving object data.
2016-10-26 12:33:09.767 DEBUG content 27269 _a-0000dda7-a71f-8000-9ccd-01ef9001ef90_32782 Setting uuids of object references.
2016-10-26 12:33:09.767 DEBUG content 27269 _a-0000dda7-a71f-8000-9ccd-01ef9001ef90_32782 Processing reference: [Content:id=27269,versionId=-1,name=CRM_SCHEDULED_TASK_STATUS_DETAILS_VIEW,description=Contains fields related to the scheduled task status details view.,type=32,subtype=0,uuid=_a-0000dda7-a71f-8000-9ccd-01ef9001ef90_32782,parent=27268,parentName=BOT Constant,parentType=2,log=27269,logName=CRM_SCHEDULED_TASK_STATUS_DETAILS_VIEW,state=255,visibility=35,security=15,creator=AnkitK,createdTimestamp=2016-10-06 07:15:35.0,updatedTimestamp=2016-10-06 07:15:35.0,size=0,lockedBy=,changesRequireApproval=false,attributes={system=0, hidden=0, ruletype=0, multiple=0, value=6899a26b-5953-49e3-8b75-b65a58942dbe@27264, returnType=81},partition=3,partitionName=D:/Apps/Appian/_admin/accdocs3]
2016-10-26 12:33:09.768 DEBUG content 27269 _a-0000dda7-a71f-8000-9ccd-01ef9001ef90_32782 Processing reference: Constant.forum
2016-10-26 12:33:09.768 DEBUG content 27269 _a-0000dda7-a71f-8000-9ccd-01ef9001ef90_32782 Processing reference: Constant.parent
2016-10-26 12:33:09.77 DEBUG content 27269 _a-0000dda7-a71f-8000-9ccd-01ef9001ef90_32782 Processing reference: com.appiancorp.suiteapi.content.ContentRoleMap@4c969074[
  ContentRole[name=readers,inherit=true,allowForAll=false]
  ContentRole[name=authors,inherit=true,allowForAll=false]
  ContentRole[name=administrators,inherit=true,allowForAll=false]
  ContentRole[name=denyReaders,inherit=false,allowForAll=false]
  ContentRole[name=denyAuthors,inherit=false,allowForAll=false]
  ContentRole[name=denyAdministrators,inherit=false,allowForAll=false]
  securityVector=15:SEC_PUBLIC=true,SEC_CREATOR_ADMIN=false,SEC_INH_ADMIN=true,SEC_INH_EDITOR=true,SEC_INH_VIEWER=true,SEC_ALL_ADMIN=false,SEC_ALL_EDITOR=false,SEC_ALL_VIEWER=false
]
2016-10-26 12:33:09.77 DEBUG content 27269 _a-0000dda7-a71f-8000-9ccd-01ef9001ef90_32782 Processing reference: ContentRole[name=readers,inherit=true,allowForAll=false]
2016-10-26 12:33:09.77 DEBUG content 27269 _a-0000dda7-a71f-8000-9ccd-01ef9001ef90_32782 Processing reference: ContentRole[name=authors,inherit=true,allowForAll=false]
2016-10-26 12:33:09.77 DEBUG content 27269 _a-0000dda7-a71f-8000-9ccd-01ef9001ef90_32782 Processing reference: ContentRole[name=administrators,inherit=true,allowForAll=false]
2016-10-26 12:33:09.77 DEBUG content 27269 _a-0000dda7-a71f-8000-9ccd-01ef9001ef90_32782 Processing reference: ContentRole[name=denyReaders,inherit=false,allowForAll=false]
2016-10-26 12:33:09.77 DEBUG content 27269 _a-0000dda7-a71f-8000-9ccd-01ef9001ef90_32782 Processing reference: ContentRole[name=denyAuthors,inherit=false,allowForAll=false]
2016-10-26 12:33:09.77 DEBUG content 27269 _a-0000dda7-a71f-8000-9ccd-01ef9001ef90_32782 Processing reference: ContentRole[name=denyAdministrators,inherit=false,allowForAll=false]
2016-10-26 12:33:09.77 DEBUG content 27269 _a-0000dda7-a71f-8000-9ccd-01ef9001ef90_32782 Exporting binary resources.
2016-10-26 12:33:09.77 DEBUG content 27269 _a-0000dda7-a71f-8000-9ccd-01ef9001ef90_32782 Serializing object to XML.
2016-10-26 12:33:09.771 DEBUG content 27269 _a-0000dda7-a71f-8000-9ccd-01ef9001ef90_32782 Object transported.
2016-10-26 12:33:09.771 DEBUG content 27270 _a-0000dda7-a71f-8000-9ccd-01ef9001ef90_32783 Begin transport.
2016-10-26 12:33:09.771 DEBUG content 27270 _a-0000dda7-a71f-8000-9ccd-01ef9001ef90_32783 Retrieving object data.
2016-10-26 12:33:09.776 DEBUG content 27270 _a-0000dda7-a71f-8000-9ccd-01ef9001ef90_32783 Setting uuids of object references.
2016-10-26 12:33:09.776 DEBUG content 27270 _a-0000dda7-a71f-8000-9ccd-01ef9001ef90_32783 Processing reference: RulesFolder.forum
2016-10-26 12:33:09.776 DEBUG content 27270 _a-0000dda7-a71f-8000-9ccd-01ef9001ef90_32783 Processing reference: RulesFolder.parent
2016-10-26 12:33:09.778 DEBUG content 27270 _a-0000dda7-a71f-8000-9ccd-01ef9001ef90_32783 Processing reference: com.appiancorp.suiteapi.content.ContentRoleMap@74fbc48a[
  ContentRole[name=readers,inherit=true,allowForAll=false]
  ContentRole[name=authors,inherit=true,allowForAll=false]
  ContentRole[name=administrators,inherit=true,allowForAll=false]
  ContentRole[name=denyReaders,inherit=false,allowForAll=false]
  ContentRole[name=denyAuthors,inherit=false,allowForAll=false]
  ContentRole[name=denyAdministrators,inherit=false,allowForAll=false]
  securityVector=15:SEC_PUBLIC=true,SEC_CREATOR_ADMIN=false,SEC_INH_ADMIN=true,SEC_INH_EDITOR=true,SEC_INH_VIEWER=true,SEC_ALL_ADMIN=false,SEC_ALL_EDITOR=false,SEC_ALL_VIEWER=false
]
2016-10-26 12:33:09.778 DEBUG content 27270 _a-0000dda7-a71f-8000-9ccd-01ef9001ef90_32783 Processing reference: ContentRole[name=readers,inherit=true,allowForAll=false]
2016-10-26 12:33:09.778 DEBUG content 27270 _a-0000dda7-a71f-8000-9ccd-01ef9001ef90_32783 Processing reference: ContentRole[name=authors,inherit=true,allowForAll=false]
2016-10-26 12:33:09.778 DEBUG content 27270 _a-0000dda7-a71f-8000-9ccd-01ef9001ef90_32783 Processing reference: ContentRole[name=administrators,inherit=true,allowForAll=false]
2016-10-26 12:33:09.778 DEBUG content 27270 _a-0000dda7-a71f-8000-9ccd-01ef9001ef90_32783 Processing reference: ContentRole[name=denyReaders,inherit=false,allowForAll=false]
2016-10-26 12:33:09.778 DEBUG content 27270 _a-0000dda7-a71f-8000-9ccd-01ef9001ef90_32783 Processing reference: ContentRole[name=denyAuthors,inherit=false,allowForAll=false]
2016-10-26 12:33:09.778 DEBUG content 27270 _a-0000dda7-a71f-8000-9ccd-01ef9001ef90_32783 Processing reference: ContentRole[name=denyAdministrators,inherit=false,allowForAll=false]
2016-10-26 12:33:09.778 DEBUG content 27270 _a-0000dda7-a71f-8000-9ccd-01ef9001ef90_32783 Exporting binary resources.
2016-10-26 12:33:09.778 DEBUG content 27270 _a-0000dda7-a71f-8000-9ccd-01ef9001ef90_32783 Serializing object to XML.
2016-10-26 12:33:09.778 DEBUG content 27270 _a-0000dda7-a71f-8000-9ccd-01ef9001ef90_32783 Object transported.
2016-10-26 12:33:09.778 DEBUG content 27332 _a-0000dda7-a71f-8000-9ccd-01ef9001ef90_32784 Begin transport.
2016-10-26 12:33:09.778 DEBUG content 27332 _a-0000dda7-a71f-8000-9ccd-01ef9001ef90_32784 Retrieving object data.
2016-10-26 12:33:09.788 DEBUG content 27332 _a-0000dda7-a71f-8000-9ccd-01ef9001ef90_32784 Setting uuids of object references.
2016-10-26 12:33:09.788 DEBUG content 27332 _a-0000dda7-a71f-8000-9ccd-01ef9001ef90_32784 Processing reference: [Content:id=27271,versionId=-1,name=CRM_RP_ScheduledTaskStatusFilterSection,description=Provides Filter Section for Scheduled Task Report,type=32,subtype=1,uuid=_a-0000dda7-a71f-8000-9ccd-01ef9001ef90_32784,parent=27270,parentName=Expression Rule,parentType=2,log=27332,logName=CRM_RP_ScheduledTaskStatusFilterSection,state=255,visibility=35,security=15,creator=AnkitK,createdTimestamp=2016-10-06 11:00:17.0,updatedTimestamp=2016-10-06 11:00:17.0,size=0,lockedBy=,changesRequireApproval=false,attributes={dep_rules=[Ljava.lang.Long;@5c27eda7, system=0, preferredEditor=interface, hidden=0, offlineEnabled=false, ruletype=1, dep_functions=[Ljava.lang.String;@434f88c5, definition={#"SYSTEM_SYSRULES_sectionLayout"(
  label: "",
  firstColumnContents: {
    #"SYSTEM_SYSRULES_dropdownField"(
      label:"Status",
      labelPosition:"ADJACENT",
      choiceLabels:{"Pending","Assigned","Complete","Timeout","Postponed"},
      choiceValues:{"Pending","Assigned","Complete","Timeout","Postponed"},
      value:if(#"_a-0000d33c-c5a1-8000-7bd7-760000760000_1541"(ri!status),"Pending",ri!status),
      saveInto:{
        
        a!save(ri!status,if(#"_a-0000d33c-c5a1-8000-7bd7-760000760000_1541"(save!value),"Pending",save!value)),
        a!save(ri!fromDate,null),
        a!save(ri!toDate,null),
        a!save(ri!completeFromDate,null),
        a!save(ri!completeToDate,null),
        a!save(ri!selectedTaskId,null),
        if(#"_a-0000d33c-c5a1-8000-7bd7-760000760000_1541"(ri!pagingInfo),{},a!save(ri!pagingInfo.startIndex,1))
      }
    ),
    
  },
  secondColumnContents: {
    #"SYSTEM_SYSRULES_multipleDropdownField"(
      label:"Task Name",
      labelPosition:"ADJACENT",
      choiceLabels:{"Atlan 1","Call Customer","CRM REVIEW AD-HOC TASK 1","ADhocTT","Call customer"},
      choiceValues:{"336","106","219","207","105"},
      value:ri!taskId,
      saveInto:{a!save(ri!taskId,save!value),
        if(#"_a-0000d33c-c5a1-8000-7bd7-760000760000_1541"(ri!pagingInfo),{},a!save(ri!pagingInfo.startIndex,1))
      }
    
    )
  },
  validations: {}
),

if(ri!status="Complete",
#"SYSTEM_SYSRULES_sectionLayout"(
  label: "Task Completion Date",
  firstColumnContents: {
    #"SYSTEM_SYSRULES_dateField"(
      label:"Start Date",
      labelPosition:"ADJACENT",
      instructions:"Please choose a Start Date for range.",
      value:ri!completeFromDate,
      saveInto:{a!save(ri!completeFromDate,save!value),
        if(#"_a-0000d33c-c5a1-8000-7bd7-760000760000_1541"(ri!pagingInfo),{},a!save(ri!pagingInfo.startIndex,1))}/*,
      validations:if(or(isnull(ri!completeToDate),isnull(ri!completeFromDate)),"",if(ri!completeToDate<ri!completeFromDate,"Start Date cannot be less than End Date",""))*/
    ),
    
  },
  secondColumnContents: {
    #"SYSTEM_SYSRULES_dateField"(
      label:"End Date",
      labelPosition:"ADJACENT",
      instructions:"Please choose a End Date for range.",
      value:ri!completeToDate,
      saveInto:{
        a!save(ri!completeToDate,save!value),
        if(#"_a-0000d33c-c5a1-8000-7bd7-760000760000_1541"(ri!pagingInfo),{},a!save(ri!pagingInfo.startIndex,1))
      },
      validations: {
              if(
                ri!completeToDate < ri!completeFromDate,
                "End Date cannt be less than Start Date",
                {}
              )
            }
    )
  },
  validations: {}
),
#"SYSTEM_SYSRULES_sectionLayout"(
  label: "Task Due date",
  firstColumnContents: {
    #"SYSTEM_SYSRULES_dateField"(
      label:"Start Date",
      labelPosition:"ADJACENT",
      instructions:"Please choose a Start Date for range.",
      value:ri!fromDate,
      saveInto:{a!save(ri!fromDate,save!value),
        if(#"_a-0000d33c-c5a1-8000-7bd7-760000760000_1541"(ri!pagingInfo),{},a!save(ri!pagingInfo.startIndex,1))}/*,
      validations:if(or(isnull(ri!toDate),isnull(ri!fromDate)),"",if(ri!toDate<ri!fromDate,"Start Date cannot be less than End Date",""))*/
    ),
    
  },
  secondColumnContents: {
    #"SYSTEM_SYSRULES_dateField"(
      label:"End Date",
      labelPosition:"ADJACENT",
      instructions:"Please choose a End Date for range.",
      value:ri!toDate,
      saveInto:a!save(ri!toDate,save!value),
     validations: {
              if(
                ri!toDate < ri!fromDate,
                "End Date cannt be less than Start Date",
                {}
              )
            }
    )
  },
  validations: {}
)
)
}, dep_types=[Ljava.lang.String;@77324f1f, parameters=[Lcom.appiancorp.suiteapi.process.TypedVariable;@2cc063d3, dep_variables=[[Ljava.lang.String;@4f69e939},partition=2,partitionName=D:/Apps/Appian/_admin/accdocs2]
2016-10-26 12:33:09.798 DEBUG content 27332 _a-0000dda7-a71f-8000-9ccd-01ef9001ef90_32784 Processing reference: FreeformRule.forum
2016-10-26 12:33:09.798 DEBUG content 27332 _a-0000dda7-a71f-8000-9ccd-01ef9001ef90_32784 Processing reference: TypedVariable[name=status,it=3,v=]
2016-10-26 12:33:09.798 DEBUG content 27332 _a-0000dda7-a71f-8000-9ccd-01ef9001ef90_32784 Processing reference: TypedVariable[name=taskId,it=97,v=<null>]
2016-10-26 12:33:09.798 DEBUG content 27332 _a-0000dda7-a71f-8000-9ccd-01ef9001ef90_32784 Processing reference: TypedVariable[name=fromDate,it=7,v=<null>]
2016-10-26 12:33:09.798 DEBUG content 27332 _a-0000dda7-a71f-8000-9ccd-01ef9001ef90_32784 Processing reference: TypedVariable[name=toDate,it=7,v=<null>]
2016-10-26 12:33:09.798 DEBUG content 27332 _a-0000dda7-a71f-8000-9ccd-01ef9001ef90_32784 Processing reference: TypedVariable[name=completeFromDate,it=9,v=<null>]
2016-10-26 12:33:09.798 DEBUG content 27332 _a-0000dda7-a71f-8000-9ccd-01ef9001ef90_32784 Processing reference: TypedVariable[name=completeToDate,it=9,v=<null>]
2016-10-26 12:33:09.798 DEBUG content 27332 _a-0000dda7-a71f-8000-9ccd-01ef9001ef90_32784 Processing reference: TypedVariable[name=pagingInfo,it=97,v=<null>]
2016-10-26 12:33:09.798 DEBUG content 27332 _a-0000dda7-a71f-8000-9ccd-01ef9001ef90_32784 Processing reference: TypedVariable[name=selectedTaskId,it=97,v=<null>]
2016-10-26 12:33:09.798 DEBUG content 27332 _a-0000dda7-a71f-8000-9ccd-01ef9001ef90_32784 Processing reference: FreeformRule.parent
2016-10-26 12:33:09.8 DEBUG content 27332 _a-0000dda7-a71f-8000-9ccd-01ef9001ef90_32784 Processing reference: com.appiancorp.suiteapi.content.ContentRoleMap@e5a9e11[
  ContentRole[name=readers,inherit=true,allowForAll=false]
  ContentRole[name=authors,inherit=true,allowForAll=false]
  ContentRole[name=administrators,inherit=true,allowForAll=false]
  ContentRole[name=denyReaders,inherit=false,allowForAll=false]
  ContentRole[name=denyAuthors,inherit=false,allowForAll=false]
  ContentRole[name=denyAdministrators,inherit=false,allowForAll=false]
  securityVector=15:SEC_PUBLIC=true,SEC_CREATOR_ADMIN=false,SEC_INH_ADMIN=true,SEC_INH_EDITOR=true,SEC_INH_VIEWER=true,SEC_ALL_ADMIN=false,SEC_ALL_EDITOR=false,SEC_ALL_VIEWER=false
]
2016-10-26 12:33:09.8 DEBUG content 27332 _a-0000dda7-a71f-8000-9ccd-01ef9001ef90_32784 Processing reference: ContentRole[name=readers,inherit=true,allowForAll=false]
2016-10-26 12:33:09.8 DEBUG content 27332 _a-0000dda7-a71f-8000-9ccd-01ef9001ef90_32784 Processing reference: ContentRole[name=authors,inherit=true,allowForAll=false]
2016-10-26 12:33:09.8 DEBUG content 27332 _a-0000dda7-a71f-8000-9ccd-01ef9001ef90_32784 Processing reference: ContentRole[name=administrators,inherit=true,allowForAll=false]
2016-10-26 12:33:09.8 DEBUG content 27332 _a-0000dda7-a71f-8000-9ccd-01ef9001ef90_32784 Processing reference: ContentRole[name=denyReaders,inherit=false,allowForAll=false]
2016-10-26 12:33:09.8 DEBUG content 27332 _a-0000dda7-a71f-8000-9ccd-01ef9001ef90_32784 Processing reference: ContentRole[name=denyAuthors,inherit=false,allowForAll=false]
2016-10-26 12:33:09.8 DEBUG content 27332 _a-0000dda7-a71f-8000-9ccd-01ef9001ef90_32784 Processing reference: ContentRole[name=denyAdministrators,inherit=false,allowForAll=false]
2016-10-26 12:33:09.8 DEBUG content 27332 _a-0000dda7-a71f-8000-9ccd-01ef9001ef90_32784 Exporting binary resources.
2016-10-26 12:33:09.8 DEBUG content 27332 _a-0000dda7-a71f-8000-9ccd-01ef9001ef90_32784 Serializing object to XML.
2016-10-26 12:33:09.812 DEBUG content 27332 _a-0000dda7-a71f-8000-9ccd-01ef9001ef90_32784 Object transported.
2016-10-26 12:33:09.812 DEBUG content 27326 _a-0000dda7-a71f-8000-9ccd-01ef9001ef90_32785 Begin transport.
2016-10-26 12:33:09.812 DEBUG content 27326 _a-0000dda7-a71f-8000-9ccd-01ef9001ef90_32785 Retrieving object data.
2016-10-26 12:33:09.818 DEBUG content 27326 _a-0000dda7-a71f-8000-9ccd-01ef9001ef90_32785 Setting uuids of object references.
2016-10-26 12:33:09.818 DEBUG content 27326 _a-0000dda7-a71f-8000-9ccd-01ef9001ef90_32785 Processing reference: [Content:id=27272,versionId=-1,name=CRM_getTaskStatusReportChartDataQueryEntity,description=,type=32,subtype=1,uuid=_a-0000dda7-a71f-8000-9ccd-01ef9001ef90_32785,parent=27268,parentName=BOT Constant,parentType=2,log=27326,logName=CRM_getTaskStatusReportChartDataQueryEntity,state=255,visibility=35,security=15,creator=AnkitK,createdTimestamp=2016-10-06 10:32:18.0,updatedTimestamp=2016-10-06 10:32:18.0,size=0,lockedBy=,changesRequireApproval=false,attributes={dep_rules=[Ljava.lang.Long;@22abf67c, system=0, preferredEditor=legacy, hidden=0, ruletype=1, dep_functions=[Ljava.lang.String;@4a303b97, definition=load(
  local!pagingInfo: #"SYSTEM_SYSRULES_pagingInfo"(
    startIndex: 1,
    batchSize: -1,
    sort: #"SYSTEM_SYSRULES_sortInfo"(
      field: "id",
      ascending: true
    )
  ),
  
    #"SYSTEM_SYSRULES_queryEntity"(
      entity: #"_a-0000dda7-a71f-8000-9ccd-01ef9001ef90_32782",
      query: #"SYSTEM_SYSRULES_query"(
        aggregation: #"SYSTEM_SYSRULES_queryAggregation"(aggregationColumns: {
          
          #"SYSTEM_SYSRULES_queryAggregationColumn"(field: "taskName", isGrouping: true),
          #"SYSTEM_SYSRULES_queryAggregationColumn"(field: "taskId", isGrouping: true),
         
          #"SYSTEM_SYSRULES_queryAggregationColumn"(field: "id", isGrouping: true)
        }),
        logicalExpression: if(and(#"_a-0000d33c-c5a1-8000-7bd7-760000760000_1541"(ri!status),#"_a-0000d33c-c5a1-8000-7bd7-760000760000_1541"(ri!taskId),#"_a-0000d33c-c5a1-8000-7bd7-760000760000_1541"(ri!fromDate),#"_a-0000d33c-c5a1-8000-7bd7-760000760000_1541"(ri!completeFromDate),#"_a-0000d33c-c5a1-8000-7bd7-760000760000_1541"(ri!completeToDate),#"_a-0000d33c-c5a1-8000-7bd7-760000760000_1541"(ri!toDate)),null,#"SYSTEM_SYSRULES_queryLogicalExpression"(
          operator: "AND",
          filters: {
		  if(#"_a-0000d33c-c5a1-8000-7bd7-760000760000_1541"(ri!status),{},
		  #"SYSTEM_SYSRULES_queryFilter"(
		  field:"taskStatus",
		  operator:"=",
		  value:ri!status
		  )),
		  if(#"_a-0000d33c-c5a1-8000-7bd7-760000760000_1541"(ri!taskId),{},
            #"SYSTEM_SYSRULES_queryFilter"(
              field:"taskId",
              operator:"in",
              value:ri!taskId
            )),
      
             if(
            ri!status="complete",
            if(or(#"_a-0000d33c-c5a1-8000-7bd7-760000760000_1541"(ri!completeFromDate),#"_a-0000d33c-c5a1-8000-7bd7-760000760000_1541"(ri!completeToDate)),{},
            #"SYSTEM_SYSRULES_queryFilter"(
              field:"completedDate",
              operator:"between",
              value:{todatetime(ri!completeFromDate),todatetime(ri!completeToDate)}
            )),
            if(or(#"_a-0000d33c-c5a1-8000-7bd7-760000760000_1541"(ri!fromDate),#"_a-0000d33c-c5a1-8000-7bd7-760000760000_1541"(ri!toDate)),{},
            #"SYSTEM_SYSRULES_queryFilter"(
              field:"dueDate",
              operator:"between",
              value:{todatetime(ri!fromDate),todatetime(ri!toDate)}
            ))
            
            )
            /*,
           
            
      if(rule!Utils_CheckIsNull(ri!toDate),{},
            a!queryFilter(
              field:"dueDate",
              operator:"<=",
              value:ri!toDate
            ))*/
      
          })),
        pagingInfo: local!pagingInfo
      )
    )
    
    
    
  
).data, dep_types=[Ljava.lang.String;@607cead5, parameters=[Lcom.appiancorp.suiteapi.process.TypedVariable;@1b9e8526, dep_variables=[[Ljava.lang.String;@66fb883f},partition=2,partitionName=D:/Apps/Appian/_admin/accdocs2]
2016-10-26 12:33:09.821 DEBUG content 27326 _a-0000dda7-a71f-8000-9ccd-01ef9001ef90_32785 Processing reference: FreeformRule.forum
2016-10-26 12:33:09.821 DEBUG content 27326 _a-0000dda7-a71f-8000-9ccd-01ef9001ef90_32785 Processing reference: TypedVariable[name=status,it=3,v=]
2016-10-26 12:33:09.821 DEBUG content 27326 _a-0000dda7-a71f-8000-9ccd-01ef9001ef90_32785 Processing reference: TypedVariable[name=taskId,it=101,v=<null>]
2016-10-26 12:33:09.821 DEBUG content 27326 _a-0000dda7-a71f-8000-9ccd-01ef9001ef90_32785 Processing reference: TypedVariable[name=fromDate,it=7,v=<null>]
2016-10-26 12:33:09.822 DEBUG content 27326 _a-0000dda7-a71f-8000-9ccd-01ef9001ef90_32785 Processing reference: TypedVariable[name=toDate,it=7,v=<null>]
2016-10-26 12:33:09.822 DEBUG content 27326 _a-0000dda7-a71f-8000-9ccd-01ef9001ef90_32785 Processing reference: TypedVariable[name=completeFromDate,it=9,v=<null>]
2016-10-26 12:33:09.822 DEBUG content 27326 _a-0000dda7-a71f-8000-9ccd-01ef9001ef90_32785 Processing reference: TypedVariable[name=completeToDate,it=9,v=<null>]
2016-10-26 12:33:09.822 DEBUG content 27326 _a-0000dda7-a71f-8000-9ccd-01ef9001ef90_32785 Processing reference: FreeformRule.parent
2016-10-26 12:33:09.823 DEBUG content 27326 _a-0000dda7-a71f-8000-9ccd-01ef9001ef90_32785 Processing reference: com.appiancorp.suiteapi.content.ContentRoleMap@41e8e87d[
  ContentRole[name=readers,inherit=true,allowForAll=false]
  ContentRole[name=authors,inherit=true,allowForAll=false]
  ContentRole[name=administrators,inherit=true,allowForAll=false]
  ContentRole[name=denyReaders,inherit=false,allowForAll=false]
  ContentRole[name=denyAuthors,inherit=false,allowForAll=false]
  ContentRole[name=denyAdministrators,inherit=false,allowForAll=false]
  securityVector=15:SEC_PUBLIC=true,SEC_CREATOR_ADMIN=false,SEC_INH_ADMIN=true,SEC_INH_EDITOR=true,SEC_INH_VIEWER=true,SEC_ALL_ADMIN=false,SEC_ALL_EDITOR=false,SEC_ALL_VIEWER=false
]
2016-10-26 12:33:09.823 DEBUG content 27326 _a-0000dda7-a71f-8000-9ccd-01ef9001ef90_32785 Processing reference: ContentRole[name=readers,inherit=true,allowForAll=false]
2016-10-26 12:33:09.823 DEBUG content 27326 _a-0000dda7-a71f-8000-9ccd-01ef9001ef90_32785 Processing reference: ContentRole[name=authors,inherit=true,allowForAll=false]
2016-10-26 12:33:09.823 DEBUG content 27326 _a-0000dda7-a71f-8000-9ccd-01ef9001ef90_32785 Processing reference: ContentRole[name=administrators,inherit=true,allowForAll=false]
2016-10-26 12:33:09.823 DEBUG content 27326 _a-0000dda7-a71f-8000-9ccd-01ef9001ef90_32785 Processing reference: ContentRole[name=denyReaders,inherit=false,allowForAll=false]
2016-10-26 12:33:09.823 DEBUG content 27326 _a-0000dda7-a71f-8000-9ccd-01ef9001ef90_32785 Processing reference: ContentRole[name=denyAuthors,inherit=false,allowForAll=false]
2016-10-26 12:33:09.823 DEBUG content 27326 _a-0000dda7-a71f-8000-9ccd-01ef9001ef90_32785 Processing reference: ContentRole[name=denyAdministrators,inherit=false,allowForAll=false]
2016-10-26 12:33:09.823 DEBUG content 27326 _a-0000dda7-a71f-8000-9ccd-01ef9001ef90_32785 Exporting binary resources.
2016-10-26 12:33:09.823 DEBUG content 27326 _a-0000dda7-a71f-8000-9ccd-01ef9001ef90_32785 Serializing object to XML.
2016-10-26 12:33:09.829 DEBUG content 27326 _a-0000dda7-a71f-8000-9ccd-01ef9001ef90_32785 Object transported.
2016-10-26 12:33:09.829 DEBUG content 27337 _a-0000dda7-a71f-8000-9ccd-01ef9001ef90_32787 Begin transport.
2016-10-26 12:33:09.829 DEBUG content 27337 _a-0000dda7-a71f-8000-9ccd-01ef9001ef90_32787 Retrieving object data.
2016-10-26 12:33:09.837 DEBUG content 27337 _a-0000dda7-a71f-8000-9ccd-01ef9001ef90_32787 Setting uuids of object references.
2016-10-26 12:33:09.837 DEBUG content 27337 _a-0000dda7-a71f-8000-9ccd-01ef9001ef90_32787 Processing reference: [Content:id=27274,versionId=-1,name=CRM_RP_TaskStatusColumnChart,description=,type=32,subtype=1,uuid=_a-0000dda7-a71f-8000-9ccd-01ef9001ef90_32787,parent=27268,parentName=BOT Constant,parentType=2,log=27337,logName=CRM_RP_TaskStatusColumnChart,state=255,visibility=35,security=15,creator=AnkitK,createdTimestamp=2016-10-06 14:20:13.0,updatedTimestamp=2016-10-06 14:20:14.0,size=0,lockedBy=,changesRequireApproval=false,attributes={dep_rules=[Ljava.lang.Long;@282eb90f, system=0, preferredEditor=interface, hidden=0, offlineEnabled=false, ruletype=1, dep_functions=[Ljava.lang.String;@7cc0c0ec, definition==#"SYSTEM_SYSRULES_columnChartField"(
  label: "Task Recurrence for "&ri!status,
  labelPosition: "ABOVE",
  categories: {reject(fn!isNull,union(index(ri!taskDetails,"taskName",{}),index(ri!taskDetails,"taskName",{})))},
  series: {
    #"SYSTEM_SYSRULES_chartSeries"(
      label:"Recurrence",
      data:apply(#"_a-0000dda7-a71f-8000-9ccd-01ef9001ef90_32790"(_,ri!taskDetails),{reject(fn!isNull,union(index(ri!taskDetails,"taskId",{}),index(ri!taskDetails,"taskId",{})))}),
      links:#"SYSTEM_SYSRULES_applyComponents"(
        #"SYSTEM_SYSRULES_dynamicLink"(
          value:_,
          saveInto:{
            ri!selectedTaskId,
            if(#"_a-0000d33c-c5a1-8000-7bd7-760000760000_1541"(ri!pagingInfo),{},a!save(ri!pagingInfo.startIndex,1))
            
            }
          
        ),
        {reject(fn!isNull,union(index(ri!taskDetails,"taskId",{}),index(ri!taskDetails,"taskId",{})))}
      )
    )
    /*apply(rule!C360_collateralRequestChartSeries(_,ri!requestDetails,ri!requestYearClient,ri!requestStatusClient),{reject(fn!isnull,union(index(ri!requestDetails,"year",{}),index(ri!requestDetails,"year",{})))})*/
  },
  yAxisTitle: "Number of Task Recurrence",
  stacking: "NORMAL",
  showLegend: true,
  showDataLabels: true
), dep_types=[Ljava.lang.String;@cbdfcbe, parameters=[Lcom.appiancorp.suiteapi.process.TypedVariable;@3c17e209, dep_variables=[[Ljava.lang.String;@61acd245},partition=2,partitionName=D:/Apps/Appian/_admin/accdocs2]
2016-10-26 12:33:09.841 DEBUG content 27337 _a-0000dda7-a71f-8000-9ccd-01ef9001ef90_32787 Processing reference: FreeformRule.forum
2016-10-26 12:33:09.841 DEBUG content 27337 _a-0000dda7-a71f-8000-9ccd-01ef9001ef90_32787 Processing reference: TypedVariable[name=taskDetails,it=97,v=<null>]
2016-10-26 12:33:09.841 DEBUG content 27337 _a-0000dda7-a71f-8000-9ccd-01ef9001ef90_32787 Processing reference: TypedVariable[name=selectedTaskId,it=1,v=<null>]
2016-10-26 12:33:09.841 DEBUG content 27337 _a-0000dda7-a71f-8000-9ccd-01ef9001ef90_32787 Processing reference: TypedVariable[name=status,it=3,v=]
2016-10-26 12:33:09.841 DEBUG content 27337 _a-0000dda7-a71f-8000-9ccd-01ef9001ef90_32787 Processing reference: TypedVariable[name=pagingInfo,it=97,v=<null>]
2016-10-26 12:33:09.841 DEBUG content 27337 _a-0000dda7-a71f-8000-9ccd-01ef9001ef90_32787 Processing reference: FreeformRule.parent
2016-10-26 12:33:09.843 DEBUG content 27337 _a-0000dda7-a71f-8000-9ccd-01ef9001ef90_32787 Processing reference: com.appiancorp.suiteapi.content.ContentRoleMap@2e957dc9[
  ContentRole[name=readers,inherit=true,allowForAll=false]
  ContentRole[name=authors,inherit=true,allowForAll=false]
  ContentRole[name=administrators,inherit=true,allowForAll=false]
  ContentRole[name=denyReaders,inherit=false,allowForAll=false]
  ContentRole[name=denyAuthors,inherit=false,allowForAll=false]
  ContentRole[name=denyAdministrators,inherit=false,allowForAll=false]
  securityVector=15:SEC_PUBLIC=true,SEC_CREATOR_ADMIN=false,SEC_INH_ADMIN=true,SEC_INH_EDITOR=true,SEC_INH_VIEWER=true,SEC_ALL_ADMIN=false,SEC_ALL_EDITOR=false,SEC_ALL_VIEWER=false
]
2016-10-26 12:33:09.843 DEBUG content 27337 _a-0000dda7-a71f-8000-9ccd-01ef9001ef90_32787 Processing reference: ContentRole[name=readers,inherit=true,allowForAll=false]
2016-10-26 12:33:09.843 DEBUG content 27337 _a-0000dda7-a71f-8000-9ccd-01ef9001ef90_32787 Processing reference: ContentRole[name=authors,inherit=true,allowForAll=false]
2016-10-26 12:33:09.843 DEBUG content 27337 _a-0000dda7-a71f-8000-9ccd-01ef9001ef90_32787 Processing reference: ContentRole[name=administrators,inherit=true,allowForAll=false]
2016-10-26 12:33:09.843 DEBUG content 27337 _a-0000dda7-a71f-8000-9ccd-01ef9001ef90_32787 Processing reference: ContentRole[name=denyReaders,inherit=false,allowForAll=false]
2016-10-26 12:33:09.843 DEBUG content 27337 _a-0000dda7-a71f-8000-9ccd-01ef9001ef90_32787 Processing reference: ContentRole[name=denyAuthors,inherit=false,allowForAll=false]
2016-10-26 12:33:09.843 DEBUG content 27337 _a-0000dda7-a71f-8000-9ccd-01ef9001ef90_32787 Processing reference: ContentRole[name=denyAdministrators,inherit=false,allowForAll=false]
2016-10-26 12:33:09.843 DEBUG content 27337 _a-0000dda7-a71f-8000-9ccd-01ef9001ef90_32787 Exporting binary resources.
2016-10-26 12:33:09.843 DEBUG content 27337 _a-0000dda7-a71f-8000-9ccd-01ef9001ef90_32787 Serializing object to XML.
2016-10-26 12:33:09.848 DEBUG content 27337 _a-0000dda7-a71f-8000-9ccd-01ef9001ef90_32787 Object transported.
2016-10-26 12:33:09.848 DEBUG content 27287 _a-0000dda7-a71f-8000-9ccd-01ef9001ef90_32790 Begin transport.
2016-10-26 12:33:09.848 DEBUG content 27287 _a-0000dda7-a71f-8000-9ccd-01ef9001ef90_32790 Retrieving object data.
2016-10-26 12:33:09.854 DEBUG content 27287 _a-0000dda7-a71f-8000-9ccd-01ef9001ef90_32790 Setting uuids of object references.
2016-10-26 12:33:09.854 DEBUG content 27287 _a-0000dda7-a71f-8000-9ccd-01ef9001ef90_32790 Processing reference: [Content:id=27277,versionId=-1,name=CRM_RP_TaskStatusColumnChartSeriesData,description=,type=32,subtype=1,uuid=_a-0000dda7-a71f-8000-9ccd-01ef9001ef90_32790,parent=27268,parentName=BOT Constant,parentType=2,log=27287,logName=CRM_RP_TaskStatusColumnChartSeriesData,state=255,visibility=35,security=15,creator=AnkitK,createdTimestamp=2016-10-06 08:06:35.0,updatedTimestamp=2016-10-06 08:06:35.0,size=0,lockedBy=,changesRequireApproval=false,attributes={dep_rules=[Ljava.lang.Long;@c77bb67, system=0, preferredEditor=legacy, hidden=0, ruletype=1, dep_functions=[Ljava.lang.String;@6628694f, definition=with(
  local!data:
  count(index(ri!taskDetails.id,whereContains(ri!taskId,tointeger(ri!taskDetails.taskId)))),
  if(#"_a-0000d33c-c5a1-8000-7bd7-760000760000_1541"(local!data),0,local!data)
  
), dep_types=[Ljava.lang.String;@5d965, parameters=[Lcom.appiancorp.suiteapi.process.TypedVariable;@39e1f169, dep_variables=[[Ljava.lang.String;@87cd9b1},partition=3,partitionName=D:/Apps/Appian/_admin/accdocs3]
2016-10-26 12:33:09.855 DEBUG content 27287 _a-0000dda7-a71f-8000-9ccd-01ef9001ef90_32790 Processing reference: FreeformRule.forum
2016-10-26 12:33:09.855 DEBUG content 27287 _a-0000dda7-a71f-8000-9ccd-01ef9001ef90_32790 Processing reference: TypedVariable[name=taskId,it=1,v=<null>]
2016-10-26 12:33:09.856 DEBUG content 27287 _a-0000dda7-a71f-8000-9ccd-01ef9001ef90_32790 Processing reference: TypedVariable[name=taskDetails,it=97,v=<null>]
2016-10-26 12:33:09.856 DEBUG content 27287 _a-0000dda7-a71f-8000-9ccd-01ef9001ef90_32790 Processing reference: FreeformRule.parent
2016-10-26 12:33:09.857 DEBUG content 27287 _a-0000dda7-a71f-8000-9ccd-01ef9001ef90_32790 Processing reference: com.appiancorp.suiteapi.content.ContentRoleMap@115e1127[
  ContentRole[name=readers,inherit=true,allowForAll=false]
  ContentRole[name=authors,inherit=true,allowForAll=false]
  ContentRole[name=administrators,inherit=true,allowForAll=false]
  ContentRole[name=denyReaders,inherit=false,allowForAll=false]
  ContentRole[name=denyAuthors,inherit=false,allowForAll=false]
  ContentRole[name=denyAdministrators,inherit=false,allowForAll=false]
  securityVector=15:SEC_PUBLIC=true,SEC_CREATOR_ADMIN=false,SEC_INH_ADMIN=true,SEC_INH_EDITOR=true,SEC_INH_VIEWER=true,SEC_ALL_ADMIN=false,SEC_ALL_EDITOR=false,SEC_ALL_VIEWER=false
]
2016-10-26 12:33:09.857 DEBUG content 27287 _a-0000dda7-a71f-8000-9ccd-01ef9001ef90_32790 Processing reference: ContentRole[name=readers,inherit=true,allowForAll=false]
2016-10-26 12:33:09.857 DEBUG content 27287 _a-0000dda7-a71f-8000-9ccd-01ef9001ef90_32790 Processing reference: ContentRole[name=authors,inherit=true,allowForAll=false]
2016-10-26 12:33:09.857 DEBUG content 27287 _a-0000dda7-a71f-8000-9ccd-01ef9001ef90_32790 Processing reference: ContentRole[name=administrators,inherit=true,allowForAll=false]
2016-10-26 12:33:09.857 DEBUG content 27287 _a-0000dda7-a71f-8000-9ccd-01ef9001ef90_32790 Processing reference: ContentRole[name=denyReaders,inherit=false,allowForAll=false]
2016-10-26 12:33:09.857 DEBUG content 27287 _a-0000dda7-a71f-8000-9ccd-01ef9001ef90_32790 Processing reference: ContentRole[name=denyAuthors,inherit=false,allowForAll=false]
2016-10-26 12:33:09.857 DEBUG content 27287 _a-0000dda7-a71f-8000-9ccd-01ef9001ef90_32790 Processing reference: ContentRole[name=denyAdministrators,inherit=false,allowForAll=false]
2016-10-26 12:33:09.857 DEBUG content 27287 _a-0000dda7-a71f-8000-9ccd-01ef9001ef90_32790 Exporting binary resources.
2016-10-26 12:33:09.857 DEBUG content 27287 _a-0000dda7-a71f-8000-9ccd-01ef9001ef90_32790 Serializing object to XML.
2016-10-26 12:33:09.859 DEBUG content 27287 _a-0000dda7-a71f-8000-9ccd-01ef9001ef90_32790 Object transported.
2016-10-26 12:33:09.859 DEBUG content 27331 _a-0000dda7-a71f-8000-9ccd-01ef9001ef90_32795 Begin transport.
2016-10-26 12:33:09.859 DEBUG content 27331 _a-0000dda7-a71f-8000-9ccd-01ef9001ef90_32795 Retrieving object data.
2016-10-26 12:33:09.865 DEBUG content 27331 _a-0000dda7-a71f-8000-9ccd-01ef9001ef90_32795 Setting uuids of object references.
2016-10-26 12:33:09.865 DEBUG content 27331 _a-0000dda7-a71f-8000-9ccd-01ef9001ef90_32795 Processing reference: [Content:id=27282,versionId=-1,name=CRM_RP_AllTasksPerformanceReport,description=,type=32,subtype=1,uuid=_a-0000dda7-a71f-8000-9ccd-01ef9001ef90_32795,parent=27268,parentName=BOT Constant,parentType=2,log=27331,logName=CRM_RP_AllTasksPerformanceReport,state=255,visibility=35,security=15,creator=AnkitK,createdTimestamp=2016-10-06 10:47:42.0,updatedTimestamp=2016-10-06 10:47:42.0,size=0,lockedBy=,changesRequireApproval=false,attributes={dep_rules=[Ljava.lang.Long;@af806e2, system=0, preferredEditor=interface, hidden=0, offlineEnabled=false, ruletype=1, dep_functions=[Ljava.lang.String;@51903601, definition=load(
  local!status:"Pending", 
      local!taskId, 
      local!fromDate, 
      local!toDate,
      local!completeFromDate,
      local!completeToDate,
      local!selectedTaskId,
      local!pagingInfo:#"SYSTEM_SYSRULES_pagingInfo"(startIndex:1,batchSize:5,sort:#"SYSTEM_SYSRULES_sortInfo"(field:"id",ascending:true)),
  with(
    local!taskDetails:#"_a-0000dda7-a71f-8000-9ccd-01ef9001ef90_32785"(
      status:local!status, 
      taskId:local!taskId, 
      fromDate:todate(local!fromDate), 
      toDate:todate(local!toDate),
      completeFromDate:local!completeFromDate,
      completeToDate:local!completeToDate
    ),
    local!taskGridDetails:if(#"_a-0000d33c-c5a1-8000-7bd7-760000760000_1541"(local!selectedTaskId),{},#"_a-0000dda7-a71f-8000-9ccd-01ef9001ef90_32803"(
      status:local!status, 
      taskId:local!taskId, 
      fromDate:local!fromDate, 
      toDate:local!toDate,
      completeFromDate:local!completeFromDate,
      completeToDate:local!completeToDate,
      selectedTaskId:local!selectedTaskId
      
    )),
#"SYSTEM_SYSRULES_dashboardLayout"(
  firstColumnContents: {
    
    #"_a-0000dda7-a71f-8000-9ccd-01ef9001ef90_32784"(
      status:local!status, 
      taskId:local!taskId, 
      fromDate:local!fromDate, 
      toDate:local!toDate,
      completeFromDate:local!completeFromDate,
      completeToDate:local!completeToDate,
      pagingInfo:local!pagingInfo,
      selectedTaskId:local!selectedTaskId
      ),
    #"_a-0000dda7-a71f-8000-9ccd-01ef9001ef90_32787"(taskDetails:local!taskDetails,selectedTaskId:local!selectedTaskId,status:local!status,pagingInfo:local!pagingInfo),
    if(#"_a-0000d33c-c5a1-8000-7bd7-760000760000_1541"(local!selectedTaskId),{},#"_a-0000dda7-a71f-8000-9ccd-01ef9001ef90_32796"(pagingInfo:local!pagingInfo,taskDetails:local!taskGridDetails,status:local!status))
  },
  secondColumnContents: {
    /* Add components here for a two-column dashboard */
  }
)
)
), dep_types=[Ljava.lang.String;@60ee2864, parameters=[Lcom.appiancorp.suiteapi.process.TypedVariable;@69739958, dep_variables=[[Ljava.lang.String;@23764d82},partition=1,partitionName=D:/Apps/Appian/_admin/accdocs1]
2016-10-26 12:33:09.935 DEBUG content 27331 _a-0000dda7-a71f-8000-9ccd-01ef9001ef90_32795 Processing reference: FreeformRule.forum
2016-10-26 12:33:09.936 DEBUG content 27331 _a-0000dda7-a71f-8000-9ccd-01ef9001ef90_32795 Processing reference: FreeformRule.parent
2016-10-26 12:33:09.937 DEBUG content 27331 _a-0000dda7-a71f-8000-9ccd-01ef9001ef90_32795 Processing reference: com.appiancorp.suiteapi.content.ContentRoleMap@3c43107a[
  ContentRole[name=readers,inherit=true,allowForAll=false]
  ContentRole[name=authors,inherit=true,allowForAll=false]
  ContentRole[name=administrators,inherit=true,allowForAll=false]
  ContentRole[name=denyReaders,inherit=false,allowForAll=false]
  ContentRole[name=denyAuthors,inherit=false,allowForAll=false]
  ContentRole[name=denyAdministrators,inherit=false,allowForAll=false]
  securityVector=15:SEC_PUBLIC=true,SEC_CREATOR_ADMIN=false,SEC_INH_ADMIN=true,SEC_INH_EDITOR=true,SEC_INH_VIEWER=true,SEC_ALL_ADMIN=false,SEC_ALL_EDITOR=false,SEC_ALL_VIEWER=false
]
2016-10-26 12:33:09.937 DEBUG content 27331 _a-0000dda7-a71f-8000-9ccd-01ef9001ef90_32795 Processing reference: ContentRole[name=readers,inherit=true,allowForAll=false]
2016-10-26 12:33:09.937 DEBUG content 27331 _a-0000dda7-a71f-8000-9ccd-01ef9001ef90_32795 Processing reference: ContentRole[name=authors,inherit=true,allowForAll=false]
2016-10-26 12:33:09.937 DEBUG content 27331 _a-0000dda7-a71f-8000-9ccd-01ef9001ef90_32795 Processing reference: ContentRole[name=administrators,inherit=true,allowForAll=false]
2016-10-26 12:33:09.937 DEBUG content 27331 _a-0000dda7-a71f-8000-9ccd-01ef9001ef90_32795 Processing reference: ContentRole[name=denyReaders,inherit=false,allowForAll=false]
2016-10-26 12:33:09.937 DEBUG content 27331 _a-0000dda7-a71f-8000-9ccd-01ef9001ef90_32795 Processing reference: ContentRole[name=denyAuthors,inherit=false,allowForAll=false]
2016-10-26 12:33:09.937 DEBUG content 27331 _a-0000dda7-a71f-8000-9ccd-01ef9001ef90_32795 Processing reference: ContentRole[name=denyAdministrators,inherit=false,allowForAll=false]
2016-10-26 12:33:09.938 DEBUG content 27331 _a-0000dda7-a71f-8000-9ccd-01ef9001ef90_32795 Exporting binary resources.
2016-10-26 12:33:09.938 DEBUG content 27331 _a-0000dda7-a71f-8000-9ccd-01ef9001ef90_32795 Serializing object to XML.
2016-10-26 12:33:09.938 DEBUG content 27331 _a-0000dda7-a71f-8000-9ccd-01ef9001ef90_32795 Object transported.
2016-10-26 12:33:09.938 DEBUG content 27329 _a-0000dda7-a71f-8000-9ccd-01ef9001ef90_32796 Begin transport.
2016-10-26 12:33:09.938 DEBUG content 27329 _a-0000dda7-a71f-8000-9ccd-01ef9001ef90_32796 Retrieving object data.
2016-10-26 12:33:09.947 DEBUG content 27329 _a-0000dda7-a71f-8000-9ccd-01ef9001ef90_32796 Setting uuids of object references.
2016-10-26 12:33:09.947 DEBUG content 27329 _a-0000dda7-a71f-8000-9ccd-01ef9001ef90_32796 Processing reference: [Content:id=27283,versionId=-1,name=CRM_RP_TaskDetailsGridSection,description=Contains grid of scheduled task details  ,type=32,subtype=1,uuid=_a-0000dda7-a71f-8000-9ccd-01ef9001ef90_32796,parent=27268,parentName=BOT Constant,parentType=2,log=27329,logName=CRM_RP_TaskDetailsGridSection,state=255,visibility=35,security=15,creator=AnkitK,createdTimestamp=2016-10-06 10:38:10.0,updatedTimestamp=2016-10-06 10:38:11.0,size=0,lockedBy=,changesRequireApproval=false,attributes={dep_rules=[Ljava.lang.Long;@357e0f70, system=0, preferredEditor=interface, hidden=0, offlineEnabled=false, ruletype=1, dep_functions=[Ljava.lang.String;@27ae44e9, definition=
 /*local!pagingInfo: a!pagingInfo(
      startIndex: 1,
      batchSize: 5,
      sort: a!sortInfo(
        field: "calendarYear",
        ascending: true
      )
      ),*/
with(
  local!datasubset: todatasubset(
      ri!taskDetails,
      ri!pagingInfo
    ),
    
  {   #"SYSTEM_SYSRULES_richTextDisplayField"(
      label:"",
      labelPosition:"",
      value:
        {
          #"SYSTEM_SYSRULES_richTextItem"(
          text:"Task Details for " &ri!status,
          style:"STRONG"
        )
        }
    ),
      #"SYSTEM_SYSRULES_gridField"(
      label:"",
      labelPosition: "ABOVE",
      totalCount: local!datasubset.totalCount,
      columns: {
        #"SYSTEM_SYSRULES_gridTextColumn"(
          label:"Task Id",
          field: "taskId",
          data:index(local!dataSubset.data,"taskId",{})  
          ),
        #"SYSTEM_SYSRULES_gridTextColumn"(
        label:"Client Name",
        field: "clientName",
        data:index(local!dataSubset.data,"clientName",{})
        
        ),

        #"SYSTEM_SYSRULES_gridTextColumn"(
          label:"Task Name",
            field: "taskName",
            data:index(local!dataSubset.data,"taskName",{})
        ),
        #"SYSTEM_SYSRULES_gridTextColumn"(
          label:"Due Date",
        field: "dueDate",
        data:todate(index(local!dataSubset.data,"dueDate",{}))
        
        ),
        if(ri!status="Complete",
        #"SYSTEM_SYSRULES_gridTextColumn"(
          label:"Completed Date",
        field: "completedDate",
        data:todate(index(local!dataSubset.data,"completedDate",{}))
        
        ),{})
      },
  value: ri!pagingInfo,
  saveInto:ri!pagingInfo,
  validations: {}
)
}
      
    ), dep_types=[Ljava.lang.String;@7df8827e, parameters=[Lcom.appiancorp.suiteapi.process.TypedVariable;@44ff633, dep_variables=[[Ljava.lang.String;@418f7c45},partition=2,partitionName=D:/Apps/Appian/_admin/accdocs2]
2016-10-26 12:33:09.948 DEBUG content 27329 _a-0000dda7-a71f-8000-9ccd-01ef9001ef90_32796 Processing reference: FreeformRule.forum
2016-10-26 12:33:09.948 DEBUG content 27329 _a-0000dda7-a71f-8000-9ccd-01ef9001ef90_32796 Processing reference: TypedVariable[name=pagingInfo,it=97,v=<null>]
2016-10-26 12:33:09.948 DEBUG content 27329 _a-0000dda7-a71f-8000-9ccd-01ef9001ef90_32796 Processing reference: TypedVariable[name=taskDetails,it=97,v=<null>]
2016-10-26 12:33:09.948 DEBUG content 27329 _a-0000dda7-a71f-8000-9ccd-01ef9001ef90_32796 Processing reference: TypedVariable[name=status,it=97,v=<null>]
2016-10-26 12:33:09.948 DEBUG content 27329 _a-0000dda7-a71f-8000-9ccd-01ef9001ef90_32796 Processing reference: FreeformRule.parent
2016-10-26 12:33:09.95 DEBUG content 27329 _a-0000dda7-a71f-8000-9ccd-01ef9001ef90_32796 Processing reference: com.appiancorp.suiteapi.content.ContentRoleMap@40c72738[
  ContentRole[name=readers,inherit=true,allowForAll=false]
  ContentRole[name=authors,inherit=true,allowForAll=false]
  ContentRole[name=administrators,inherit=true,allowForAll=false]
  ContentRole[name=denyReaders,inherit=false,allowForAll=false]
  ContentRole[name=denyAuthors,inherit=false,allowForAll=false]
  ContentRole[name=denyAdministrators,inherit=false,allowForAll=false]
  securityVector=15:SEC_PUBLIC=true,SEC_CREATOR_ADMIN=false,SEC_INH_ADMIN=true,SEC_INH_EDITOR=true,SEC_INH_VIEWER=true,SEC_ALL_ADMIN=false,SEC_ALL_EDITOR=false,SEC_ALL_VIEWER=false
]
2016-10-26 12:33:09.95 DEBUG content 27329 _a-0000dda7-a71f-8000-9ccd-01ef9001ef90_32796 Processing reference: ContentRole[name=readers,inherit=true,allowForAll=false]
2016-10-26 12:33:09.95 DEBUG content 27329 _a-0000dda7-a71f-8000-9ccd-01ef9001ef90_32796 Processing reference: ContentRole[name=authors,inherit=true,allowForAll=false]
2016-10-26 12:33:09.95 DEBUG content 27329 _a-0000dda7-a71f-8000-9ccd-01ef9001ef90_32796 Processing reference: ContentRole[name=administrators,inherit=true,allowForAll=false]
2016-10-26 12:33:09.95 DEBUG content 27329 _a-0000dda7-a71f-8000-9ccd-01ef9001ef90_32796 Processing reference: ContentRole[name=denyReaders,inherit=false,allowForAll=false]
2016-10-26 12:33:09.95 DEBUG content 27329 _a-0000dda7-a71f-8000-9ccd-01ef9001ef90_32796 Processing reference: ContentRole[name=denyAuthors,inherit=false,allowForAll=false]
2016-10-26 12:33:09.95 DEBUG content 27329 _a-0000dda7-a71f-8000-9ccd-01ef9001ef90_32796 Processing reference: ContentRole[name=denyAdministrators,inherit=false,allowForAll=false]
2016-10-26 12:33:09.95 DEBUG content 27329 _a-0000dda7-a71f-8000-9ccd-01ef9001ef90_32796 Exporting binary resources.
2016-10-26 12:33:09.95 DEBUG content 27329 _a-0000dda7-a71f-8000-9ccd-01ef9001ef90_32796 Serializing object to XML.
2016-10-26 12:33:09.954 DEBUG content 27329 _a-0000dda7-a71f-8000-9ccd-01ef9001ef90_32796 Object transported.
2016-10-26 12:33:09.954 DEBUG content 27327 _a-0000dda7-a71f-8000-9ccd-01ef9001ef90_32803 Begin transport.
2016-10-26 12:33:09.954 DEBUG content 27327 _a-0000dda7-a71f-8000-9ccd-01ef9001ef90_32803 Retrieving object data.
2016-10-26 12:33:09.96 DEBUG content 27327 _a-0000dda7-a71f-8000-9ccd-01ef9001ef90_32803 Setting uuids of object references.
2016-10-26 12:33:09.96 DEBUG content 27327 _a-0000dda7-a71f-8000-9ccd-01ef9001ef90_32803 Processing reference: [Content:id=27290,versionId=-1,name=CRM_getTaskStatusReportGridDataQueryEntity,description=Contains fields related to the scheduled task status view,type=32,subtype=1,uuid=_a-0000dda7-a71f-8000-9ccd-01ef9001ef90_32803,parent=27268,parentName=BOT Constant,parentType=2,log=27327,logName=CRM_getTaskStatusReportGridDataQueryEntity,state=255,visibility=35,security=15,creator=AnkitK,createdTimestamp=2016-10-06 10:34:16.0,updatedTimestamp=2016-10-06 10:34:16.0,size=0,lockedBy=,changesRequireApproval=false,attributes={dep_rules=[Ljava.lang.Long;@36d9f986, system=0, preferredEditor=legacy, hidden=0, ruletype=1, dep_functions=[Ljava.lang.String;@653960fc, definition=load(
  local!pagingInfo: #"SYSTEM_SYSRULES_pagingInfo"(
    startIndex: 1,
    batchSize: -1,
    sort: #"SYSTEM_SYSRULES_sortInfo"(
      field: "id",
      ascending: true
    )
  ),
  
    #"SYSTEM_SYSRULES_queryEntity"(
      entity: #"_a-0000dda7-a71f-8000-9ccd-01ef9001ef90_32782",
      query: #"SYSTEM_SYSRULES_query"(
        aggregation: #"SYSTEM_SYSRULES_queryAggregation"(aggregationColumns: {
          
          #"SYSTEM_SYSRULES_queryAggregationColumn"(field: "taskName", isGrouping: true),
          #"SYSTEM_SYSRULES_queryAggregationColumn"(field: "taskId", isGrouping: true),
          #"SYSTEM_SYSRULES_queryAggregationColumn"(field: "clientName", isGrouping: true),
          #"SYSTEM_SYSRULES_queryAggregationColumn"(field: "dueDate", isGrouping: true),
          #"SYSTEM_SYSRULES_queryAggregationColumn"(field: "completedDate", isGrouping: true),
          #"SYSTEM_SYSRULES_queryAggregationColumn"(field: "id", isGrouping: true)
        }),
        logicalExpression: if(and(#"_a-0000d33c-c5a1-8000-7bd7-760000760000_1541"(ri!selectedTaskId),#"_a-0000d33c-c5a1-8000-7bd7-760000760000_1541"(ri!status),#"_a-0000d33c-c5a1-8000-7bd7-760000760000_1541"(ri!completeFromDate),#"_a-0000d33c-c5a1-8000-7bd7-760000760000_1541"(ri!completeToDate),#"_a-0000d33c-c5a1-8000-7bd7-760000760000_1541"(ri!taskId),#"_a-0000d33c-c5a1-8000-7bd7-760000760000_1541"(ri!fromDate),#"_a-0000d33c-c5a1-8000-7bd7-760000760000_1541"(ri!toDate)),null,#"SYSTEM_SYSRULES_queryLogicalExpression"(
          operator: "AND",
          filters: {
		  if(#"_a-0000d33c-c5a1-8000-7bd7-760000760000_1541"(ri!status),{},
		  #"SYSTEM_SYSRULES_queryFilter"(
		  field:"taskStatus",
		  operator:"=",
		  value:ri!status
		  )),
		  if(#"_a-0000d33c-c5a1-8000-7bd7-760000760000_1541"(ri!taskId),{},
            #"SYSTEM_SYSRULES_queryFilter"(
              field:"taskId",
              operator:"in",
              value:ri!taskId
            )),
            if(#"_a-0000d33c-c5a1-8000-7bd7-760000760000_1541"(ri!selectedTaskId),{},
            #"SYSTEM_SYSRULES_queryFilter"(
              field:"taskId",
              operator:"=",
              value:ri!selectedTaskId
            )),
      if(
            ri!status="complete",
            if(or(#"_a-0000d33c-c5a1-8000-7bd7-760000760000_1541"(ri!completeFromDate),#"_a-0000d33c-c5a1-8000-7bd7-760000760000_1541"(ri!completeToDate)),{},
            #"SYSTEM_SYSRULES_queryFilter"(
              field:"completedDate",
              operator:"between",
              value:{todatetime(ri!completeFromDate),todatetime(ri!completeToDate)}
            )),
            if(or(#"_a-0000d33c-c5a1-8000-7bd7-760000760000_1541"(ri!fromDate),#"_a-0000d33c-c5a1-8000-7bd7-760000760000_1541"(ri!toDate)),{},
            #"SYSTEM_SYSRULES_queryFilter"(
              field:"dueDate",
              operator:"between",
              value:{todatetime(ri!fromDate),todatetime(ri!toDate)}
            ))
            
            )/*,
            
            
      if(rule!Utils_CheckIsNull(ri!toDate),{},
            a!queryFilter(
              field:"dueDate",
              operator:"<=",
              value:ri!toDate
            ))*/
      
          })),
        pagingInfo: local!pagingInfo
      )
    )
    
    
    
  
).data, dep_types=[Ljava.lang.String;@1d4c8d48, parameters=[Lcom.appiancorp.suiteapi.process.TypedVariable;@69422fd1, dep_variables=[[Ljava.lang.String;@10aeeeb6},partition=3,partitionName=D:/Apps/Appian/_admin/accdocs3]
2016-10-26 12:33:09.962 DEBUG content 27327 _a-0000dda7-a71f-8000-9ccd-01ef9001ef90_32803 Processing reference: FreeformRule.forum
2016-10-26 12:33:09.963 DEBUG content 27327 _a-0000dda7-a71f-8000-9ccd-01ef9001ef90_32803 Processing reference: TypedVariable[name=status,it=3,v=]
2016-10-26 12:33:09.963 DEBUG content 27327 _a-0000dda7-a71f-8000-9ccd-01ef9001ef90_32803 Processing reference: TypedVariable[name=taskId,it=101,v=<null>]
2016-10-26 12:33:09.963 DEBUG content 27327 _a-0000dda7-a71f-8000-9ccd-01ef9001ef90_32803 Processing reference: TypedVariable[name=fromDate,it=7,v=<null>]
2016-10-26 12:33:09.963 DEBUG content 27327 _a-0000dda7-a71f-8000-9ccd-01ef9001ef90_32803 Processing reference: TypedVariable[name=toDate,it=7,v=<null>]
2016-10-26 12:33:09.963 DEBUG content 27327 _a-0000dda7-a71f-8000-9ccd-01ef9001ef90_32803 Processing reference: TypedVariable[name=selectedTaskId,it=1,v=<null>]
2016-10-26 12:33:09.963 DEBUG content 27327 _a-0000dda7-a71f-8000-9ccd-01ef9001ef90_32803 Processing reference: TypedVariable[name=completeFromDate,it=9,v=<null>]
2016-10-26 12:33:09.963 DEBUG content 27327 _a-0000dda7-a71f-8000-9ccd-01ef9001ef90_32803 Processing reference: TypedVariable[name=completeToDate,it=9,v=<null>]
2016-10-26 12:33:09.963 DEBUG content 27327 _a-0000dda7-a71f-8000-9ccd-01ef9001ef90_32803 Processing reference: FreeformRule.parent
2016-10-26 12:33:09.964 DEBUG content 27327 _a-0000dda7-a71f-8000-9ccd-01ef9001ef90_32803 Processing reference: com.appiancorp.suiteapi.content.ContentRoleMap@9bdfd14[
  ContentRole[name=readers,inherit=true,allowForAll=false]
  ContentRole[name=authors,inherit=true,allowForAll=false]
  ContentRole[name=administrators,inherit=true,allowForAll=false]
  ContentRole[name=denyReaders,inherit=false,allowForAll=false]
  ContentRole[name=denyAuthors,inherit=false,allowForAll=false]
  ContentRole[name=denyAdministrators,inherit=false,allowForAll=false]
  securityVector=15:SEC_PUBLIC=true,SEC_CREATOR_ADMIN=false,SEC_INH_ADMIN=true,SEC_INH_EDITOR=true,SEC_INH_VIEWER=true,SEC_ALL_ADMIN=false,SEC_ALL_EDITOR=false,SEC_ALL_VIEWER=false
]
2016-10-26 12:33:09.964 DEBUG content 27327 _a-0000dda7-a71f-8000-9ccd-01ef9001ef90_32803 Processing reference: ContentRole[name=readers,inherit=true,allowForAll=false]
2016-10-26 12:33:09.965 DEBUG content 27327 _a-0000dda7-a71f-8000-9ccd-01ef9001ef90_32803 Processing reference: ContentRole[name=authors,inherit=true,allowForAll=false]
2016-10-26 12:33:09.965 DEBUG content 27327 _a-0000dda7-a71f-8000-9ccd-01ef9001ef90_32803 Processing reference: ContentRole[name=administrators,inherit=true,allowForAll=false]
2016-10-26 12:33:09.965 DEBUG content 27327 _a-0000dda7-a71f-8000-9ccd-01ef9001ef90_32803 Processing reference: ContentRole[name=denyReaders,inherit=false,allowForAll=false]
2016-10-26 12:33:09.965 DEBUG content 27327 _a-0000dda7-a71f-8000-9ccd-01ef9001ef90_32803 Processing reference: ContentRole[name=denyAuthors,inherit=false,allowForAll=false]
2016-10-26 12:33:09.965 DEBUG content 27327 _a-0000dda7-a71f-8000-9ccd-01ef9001ef90_32803 Processing reference: ContentRole[name=denyAdministrators,inherit=false,allowForAll=false]
2016-10-26 12:33:09.965 DEBUG content 27327 _a-0000dda7-a71f-8000-9ccd-01ef9001ef90_32803 Exporting binary resources.
2016-10-26 12:33:09.965 DEBUG content 27327 _a-0000dda7-a71f-8000-9ccd-01ef9001ef90_32803 Serializing object to XML.
2016-10-26 12:33:09.971 DEBUG content 27327 _a-0000dda7-a71f-8000-9ccd-01ef9001ef90_32803 Object transported.
2016-10-26 12:33:09.971 DEBUG content 5036 _a-0000d33c-c5a1-8000-7bd7-760000760000_1541 Begin transport.
2016-10-26 12:33:09.971 DEBUG content 5036 _a-0000d33c-c5a1-8000-7bd7-760000760000_1541 Retrieving object data.
2016-10-26 12:33:09.977 DEBUG content 5036 _a-0000d33c-c5a1-8000-7bd7-760000760000_1541 Setting uuids of object references.
2016-10-26 12:33:09.977 DEBUG content 5036 _a-0000d33c-c5a1-8000-7bd7-760000760000_1541 Processing reference: [Content:id=2697,versionId=-1,name=Utils_CheckIsNull,description=Returns true() -- if list is empty or null
false() --- list is not empty,type=32,subtype=1,uuid=_a-0000d33c-c5a1-8000-7bd7-760000760000_1541,parent=2696,parentName=Utils,parentType=2,log=5036,logName=Utils_CheckIsNull,state=255,visibility=35,security=15,creator=Administrator,createdTimestamp=2016-05-02 06:45:43.0,updatedTimestamp=2016-05-02 06:45:43.0,size=0,lockedBy=,changesRequireApproval=false,attributes={dep_rules=[Ljava.lang.Long;@719ac70e, system=0, preferredEditor=legacy, hidden=0, offlineEnabled=false, ruletype=1, dep_functions=[Ljava.lang.String;@671798d6, definition==if(isnull(ri!List),true(),if(length(ri!List)>0,false(),true())), dep_types=[Ljava.lang.String;@38b8c8f0, metadataExpr=null, parameters=[Lcom.appiancorp.suiteapi.process.TypedVariable;@4df6165e, dep_variables=[[Ljava.lang.String;@6af31a59},partition=1,partitionName=D:/Apps/Appian/_admin/accdocs1]
2016-10-26 12:33:09.977 DEBUG content 5036 _a-0000d33c-c5a1-8000-7bd7-760000760000_1541 Processing reference: FreeformRule.forum
2016-10-26 12:33:09.978 DEBUG content 5036 _a-0000d33c-c5a1-8000-7bd7-760000760000_1541 Processing reference: TypedVariable[name=List,it=97,v=<null>]
2016-10-26 12:33:09.978 DEBUG content 5036 _a-0000d33c-c5a1-8000-7bd7-760000760000_1541 Processing reference: FreeformRule.parent
2016-10-26 12:33:09.979 DEBUG content 2696 0000d157-5f3c-8000-7e4e-0a000064044c Begin transport.
2016-10-26 12:33:09.979 DEBUG content 2696 0000d157-5f3c-8000-7e4e-0a000064044c Retrieving object data.
2016-10-26 12:33:09.983 DEBUG content 2696 0000d157-5f3c-8000-7e4e-0a000064044c Setting uuids of object references.
2016-10-26 12:33:09.983 DEBUG content 2696 0000d157-5f3c-8000-7e4e-0a000064044c Processing reference: RulesFolder.forum
2016-10-26 12:33:09.984 DEBUG content 2696 0000d157-5f3c-8000-7e4e-0a000064044c Processing reference: RulesFolder.parent
2016-10-26 12:33:09.985 DEBUG content 2696 0000d157-5f3c-8000-7e4e-0a000064044c Processing reference: com.appiancorp.suiteapi.content.ContentRoleMap@60dbb93e[
  ContentRole[name=readers,inherit=true,allowForAll=false]
  ContentRole[name=authors,inherit=true,allowForAll=false]
  ContentRole[name=administrators,inherit=true,allowForAll=false]
  ContentRole[name=denyReaders,inherit=false,allowForAll=false]
  ContentRole[name=denyAuthors,inherit=false,allowForAll=false]
  ContentRole[name=denyAdministrators,inherit=false,allowForAll=false]
  securityVector=15:SEC_PUBLIC=true,SEC_CREATOR_ADMIN=false,SEC_INH_ADMIN=true,SEC_INH_EDITOR=true,SEC_INH_VIEWER=true,SEC_ALL_ADMIN=false,SEC_ALL_EDITOR=false,SEC_ALL_VIEWER=false
]
2016-10-26 12:33:09.985 DEBUG content 2696 0000d157-5f3c-8000-7e4e-0a000064044c Processing reference: ContentRole[name=readers,inherit=true,allowForAll=false]
2016-10-26 12:33:09.985 DEBUG content 2696 0000d157-5f3c-8000-7e4e-0a000064044c Processing reference: ContentRole[name=authors,inherit=true,allowForAll=false]
2016-10-26 12:33:09.985 DEBUG content 2696 0000d157-5f3c-8000-7e4e-0a000064044c Processing reference: ContentRole[name=administrators,inherit=true,allowForAll=false]
2016-10-26 12:33:09.985 DEBUG content 2696 0000d157-5f3c-8000-7e4e-0a000064044c Processing reference: ContentRole[name=denyReaders,inherit=false,allowForAll=false]
2016-10-26 12:33:09.985 DEBUG content 2696 0000d157-5f3c-8000-7e4e-0a000064044c Processing reference: ContentRole[name=denyAuthors,inherit=false,allowForAll=false]
2016-10-26 12:33:09.985 DEBUG content 2696 0000d157-5f3c-8000-7e4e-0a000064044c Processing reference: ContentRole[name=denyAdministrators,inherit=false,allowForAll=false]
2016-10-26 12:33:09.985 DEBUG content 2696 0000d157-5f3c-8000-7e4e-0a000064044c Exporting binary resources.
2016-10-26 12:33:09.985 DEBUG content 2696 0000d157-5f3c-8000-7e4e-0a000064044c Serializing object to XML.
2016-10-26 12:33:09.986 DEBUG content 2696 0000d157-5f3c-8000-7e4e-0a000064044c Object transported.
2016-10-26 12:33:09.986 DEBUG content 5036 _a-0000d33c-c5a1-8000-7bd7-760000760000_1541 Processing reference: com.appiancorp.suiteapi.content.ContentRoleMap@571f3ef2[
  ContentRole[name=readers,inherit=true,allowForAll=false]
  ContentRole[name=authors,inherit=true,allowForAll=false]
  ContentRole[name=administrators,inherit=true,allowForAll=false]
  ContentRole[name=denyReaders,inherit=false,allowForAll=false]
  ContentRole[name=denyAuthors,inherit=false,allowForAll=false]
  ContentRole[name=denyAdministrators,inherit=false,allowForAll=false]
  securityVector=15:SEC_PUBLIC=true,SEC_CREATOR_ADMIN=false,SEC_INH_ADMIN=true,SEC_INH_EDITOR=true,SEC_INH_VIEWER=true,SEC_ALL_ADMIN=false,SEC_ALL_EDITOR=false,SEC_ALL_VIEWER=false
]
2016-10-26 12:33:09.986 DEBUG content 5036 _a-0000d33c-c5a1-8000-7bd7-760000760000_1541 Processing reference: ContentRole[name=readers,inherit=true,allowForAll=false]
2016-10-26 12:33:09.986 DEBUG content 5036 _a-0000d33c-c5a1-8000-7bd7-760000760000_1541 Processing reference: ContentRole[name=authors,inherit=true,allowForAll=false]
2016-10-26 12:33:09.986 DEBUG content 5036 _a-0000d33c-c5a1-8000-7bd7-760000760000_1541 Processing reference: ContentRole[name=administrators,inherit=true,allowForAll=false]
2016-10-26 12:33:09.986 DEBUG content 5036 _a-0000d33c-c5a1-8000-7bd7-760000760000_1541 Processing reference: ContentRole[name=denyReaders,inherit=false,allowForAll=false]
2016-10-26 12:33:09.986 DEBUG content 5036 _a-0000d33c-c5a1-8000-7bd7-760000760000_1541 Processing reference: ContentRole[name=denyAuthors,inherit=false,allowForAll=false]
2016-10-26 12:33:09.986 DEBUG content 5036 _a-0000d33c-c5a1-8000-7bd7-760000760000_1541 Processing reference: ContentRole[name=denyAdministrators,inherit=false,allowForAll=false]
2016-10-26 12:33:09.986 DEBUG content 5036 _a-0000d33c-c5a1-8000-7bd7-760000760000_1541 Exporting binary resources.
2016-10-26 12:33:09.986 DEBUG content 5036 _a-0000d33c-c5a1-8000-7bd7-760000760000_1541 Serializing object to XML.
2016-10-26 12:33:09.987 DEBUG content 5036 _a-0000d33c-c5a1-8000-7bd7-760000760000_1541 Object transported.
2016-10-26 12:33:09.988 DEBUG processModelFolder 58 _g-0000dda7-7a74-8000-9ccd-014d98014d98_59 Begin transport.
2016-10-26 12:33:09.988 DEBUG processModelFolder 58 _g-0000dda7-7a74-8000-9ccd-014d98014d98_59 Retrieving object data.
2016-10-26 12:33:09.99 DEBUG processModelFolder 58 _g-0000dda7-7a74-8000-9ccd-014d98014d98_59 Setting uuids of object references.
2016-10-26 12:33:09.99 DEBUG processModelFolder 58 _g-0000dda7-7a74-8000-9ccd-014d98014d98_59 Processing reference: ProcessModelFolder.parentFolderId
2016-10-26 12:33:09.991 DEBUG processModelFolder 58 _g-0000dda7-7a74-8000-9ccd-014d98014d98_59 Processing reference: com.appiancorp.suiteapi.process.ProcessRoleMap@4ab373b7[
  Role[name=ADMIN_OWNER]
  Role[name=EDITOR]
  Role[name=EXPLICIT_NONMEMBER]
  Role[name=VIEWER]
  Role[name=MANAGER]
  Role[name=INITIATOR]
]
2016-10-26 12:33:09.991 DEBUG processModelFolder 58 _g-0000dda7-7a74-8000-9ccd-014d98014d98_59 Processing reference: Role[name=ADMIN_OWNER]
2016-10-26 12:33:09.991 DEBUG processModelFolder 58 _g-0000dda7-7a74-8000-9ccd-014d98014d98_59 Processing reference: Role[name=EDITOR]
2016-10-26 12:33:09.991 DEBUG processModelFolder 58 _g-0000dda7-7a74-8000-9ccd-014d98014d98_59 Processing reference: Role[name=EXPLICIT_NONMEMBER]
2016-10-26 12:33:09.991 DEBUG processModelFolder 58 _g-0000dda7-7a74-8000-9ccd-014d98014d98_59 Processing reference: Role[name=VIEWER]
2016-10-26 12:33:09.991 DEBUG processModelFolder 58 _g-0000dda7-7a74-8000-9ccd-014d98014d98_59 Processing reference: Role[name=MANAGER]
2016-10-26 12:33:09.991 DEBUG processModelFolder 58 _g-0000dda7-7a74-8000-9ccd-014d98014d98_59 Processing reference: Role[name=INITIATOR]
2016-10-26 12:33:09.991 DEBUG processModelFolder 58 _g-0000dda7-7a74-8000-9ccd-014d98014d98_59 Exporting binary resources.
2016-10-26 12:33:09.991 DEBUG processModelFolder 58 _g-0000dda7-7a74-8000-9ccd-014d98014d98_59 Serializing object to XML.
2016-10-26 12:33:09.991 DEBUG processModelFolder 58 _g-0000dda7-7a74-8000-9ccd-014d98014d98_59 Object transported.
2016-10-26 12:33:09.992 DEBUG processModel 3587 0002ddbb-40f2-8000-9ccd-014d98014d98 Begin transport.
2016-10-26 12:33:09.992 DEBUG processModel 3587 0002ddbb-40f2-8000-9ccd-014d98014d98 Retrieving object data.
2016-10-26 12:33:10.004 DEBUG processModel 3587 0002ddbb-40f2-8000-9ccd-014d98014d98 Setting uuids of object references.
2016-10-26 12:33:10.004 DEBUG processModel 3587 0002ddbb-40f2-8000-9ccd-014d98014d98 Processing reference: ProcessModelHaul.folderId
2016-10-26 12:33:10.005 DEBUG processModel 3587 0002ddbb-40f2-8000-9ccd-014d98014d98 Processing reference: ProcessModelHaul.modelDashboardPageId
2016-10-26 12:33:10.005 DEBUG processModel 3587 0002ddbb-40f2-8000-9ccd-014d98014d98 Processing reference: ProcessModelHaul.processDashboardPageId
2016-10-26 12:33:10.005 DEBUG processModel 3587 0002ddbb-40f2-8000-9ccd-014d98014d98 Processing reference: ProcessModel.emailAttachmentFolderId
2016-10-26 12:33:10.005 DEBUG processModel 3587 0002ddbb-40f2-8000-9ccd-014d98014d98 Processing reference: ActivityClassParameter[name=pmID,it=23,v=<null>]
2016-10-26 12:33:10.005 DEBUG processModel 3587 0002ddbb-40f2-8000-9ccd-014d98014d98 Processing reference: ActivityClassParameter[name=inMap,it=111,v={}]
2016-10-26 12:33:10.005 DEBUG processModel 3587 0002ddbb-40f2-8000-9ccd-014d98014d98 Processing reference: ActivityClassParameter[name=procInheritsPriority,it=1,v=1]
2016-10-26 12:33:10.005 DEBUG processModel 3587 0002ddbb-40f2-8000-9ccd-014d98014d98 Processing reference: ActivityClassParameter[name=pmUUID,it=3,v=]
2016-10-26 12:33:10.005 DEBUG processModel 3587 0002ddbb-40f2-8000-9ccd-014d98014d98 Processing reference: ActivityClassParameter[name=isAsynchronous,it=26,v=1]
2016-10-26 12:33:10.005 DEBUG processModel 3587 0002ddbb-40f2-8000-9ccd-014d98014d98 Processing reference: ActivityClassParameter[name=isTransparent,it=26,v=1]
2016-10-26 12:33:10.006 DEBUG processModel 3587 0002ddbb-40f2-8000-9ccd-014d98014d98 Processing reference: ActivityClassParameter[name=inheritSecurity,it=26,v=0]
2016-10-26 12:33:10.006 DEBUG processModel 3587 0002ddbb-40f2-8000-9ccd-014d98014d98 Processing reference: com.appiancorp.suiteapi.process.ProcessRoleMap@547e1bb3[
  Role[name=ADMIN_OWNER]
  Role[name=EDITOR]
  Role[name=EXPLICIT_NONMEMBER]
  Role[name=VIEWER]
  Role[name=MANAGER]
  Role[name=INITIATOR]
]
2016-10-26 12:33:10.006 DEBUG processModel 3587 0002ddbb-40f2-8000-9ccd-014d98014d98 Processing reference: Role[name=ADMIN_OWNER]
2016-10-26 12:33:10.006 DEBUG processModel 3587 0002ddbb-40f2-8000-9ccd-014d98014d98 Processing reference: Role[name=EDITOR]
2016-10-26 12:33:10.006 DEBUG processModel 3587 0002ddbb-40f2-8000-9ccd-014d98014d98 Processing reference: Role[name=EXPLICIT_NONMEMBER]
2016-10-26 12:33:10.006 DEBUG processModel 3587 0002ddbb-40f2-8000-9ccd-014d98014d98 Processing reference: Role[name=VIEWER]
2016-10-26 12:33:10.006 DEBUG processModel 3587 0002ddbb-40f2-8000-9ccd-014d98014d98 Processing reference: Role[name=MANAGER]
2016-10-26 12:33:10.006 DEBUG processModel 3587 0002ddbb-40f2-8000-9ccd-014d98014d98 Processing reference: Role[name=INITIATOR]
2016-10-26 12:33:10.006 DEBUG processModel 3587 0002ddbb-40f2-8000-9ccd-014d98014d98 Exporting binary resources.
2016-10-26 12:33:10.006 DEBUG processModel 3587 0002ddbb-40f2-8000-9ccd-014d98014d98 Serializing object to XML.
2016-10-26 12:33:10.008 DEBUG processModel 3587 0002ddbb-40f2-8000-9ccd-014d98014d98 Object transported.
2016-10-26 12:33:10.009 DEBUG application 27262 _a-0000dda7-a71f-8000-9ccd-01ef9001ef90_32766 Exporting binary resources.
2016-10-26 12:33:10.009 DEBUG application 27262 _a-0000dda7-a71f-8000-9ccd-01ef9001ef90_32766 Serializing object to XML.
2016-10-26 12:33:10.009 DEBUG application 27262 _a-0000dda7-a71f-8000-9ccd-01ef9001ef90_32766 Object transported.
