Success (2):
datatype 4338 {urn:com:appian:types}Test_Demo_DT "{urn:com:appian:types}Test_Demo_DT"
dataStore 31730 _a-0000ddcd-3247-8000-9ccd-01ef9001ef90_37330 "Web_DataStore"

Referenced precedents that were not exported (1):
datatype 4328 {urn:com:appian:types}test_cdt

Trace:
2016-10-28 06:35:31.457 DEBUG datatype 4338 {urn:com:appian:types}Test_Demo_DT Begin transport.
2016-10-28 06:35:31.457 DEBUG datatype 4338 {urn:com:appian:types}Test_Demo_DT Retrieving object data.
2016-10-28 06:35:31.469 DEBUG datatype 4338 {urn:com:appian:types}Test_Demo_DT Setting uuids of object references.
2016-10-28 06:35:31.469 DEBUG datatype 4338 {urn:com:appian:types}Test_Demo_DT Exporting binary resources.
2016-10-28 06:35:31.469 DEBUG datatype 4338 {urn:com:appian:types}Test_Demo_DT Serializing object to XML.
2016-10-28 06:35:31.47 DEBUG datatype 4338 {urn:com:appian:types}Test_Demo_DT Object transported.
2016-10-28 06:35:31.471 DEBUG dataStore 31730 _a-0000ddcd-3247-8000-9ccd-01ef9001ef90_37330 Begin transport.
2016-10-28 06:35:31.471 DEBUG dataStore 31730 _a-0000ddcd-3247-8000-9ccd-01ef9001ef90_37330 Retrieving object data.
2016-10-28 06:35:31.473 DEBUG dataStore 31730 _a-0000ddcd-3247-8000-9ccd-01ef9001ef90_37330 Setting uuids of object references.
2016-10-28 06:35:31.473 DEBUG dataStore 31730 _a-0000ddcd-3247-8000-9ccd-01ef9001ef90_37330 Processing reference: datatypeRef[id=4328]
2016-10-28 06:35:31.473 DEBUG dataStore 31730 _a-0000ddcd-3247-8000-9ccd-01ef9001ef90_37330 Processing reference: datatypeRef[id=4338]
2016-10-28 06:35:31.473 DEBUG dataStore 31730 _a-0000ddcd-3247-8000-9ccd-01ef9001ef90_37330 Processing reference: ContentRole[name=administrators,inherit=false,allowForAll=false]
2016-10-28 06:35:31.473 DEBUG dataStore 31730 _a-0000ddcd-3247-8000-9ccd-01ef9001ef90_37330 Processing reference: ContentRole[name=authors,inherit=false,allowForAll=false]
2016-10-28 06:35:31.473 DEBUG dataStore 31730 _a-0000ddcd-3247-8000-9ccd-01ef9001ef90_37330 Processing reference: ContentRole[name=denyAdministrators,inherit=false,allowForAll=false]
2016-10-28 06:35:31.473 DEBUG dataStore 31730 _a-0000ddcd-3247-8000-9ccd-01ef9001ef90_37330 Processing reference: ContentRole[name=denyAuthors,inherit=false,allowForAll=false]
2016-10-28 06:35:31.474 DEBUG dataStore 31730 _a-0000ddcd-3247-8000-9ccd-01ef9001ef90_37330 Processing reference: ContentRole[name=denyReaders,inherit=false,allowForAll=false]
2016-10-28 06:35:31.474 DEBUG dataStore 31730 _a-0000ddcd-3247-8000-9ccd-01ef9001ef90_37330 Processing reference: ContentRole[name=readers,inherit=false,allowForAll=false]
2016-10-28 06:35:31.474 DEBUG dataStore 31730 _a-0000ddcd-3247-8000-9ccd-01ef9001ef90_37330 Exporting binary resources.
2016-10-28 06:35:31.474 DEBUG dataStore 31730 _a-0000ddcd-3247-8000-9ccd-01ef9001ef90_37330 Serializing object to XML.
2016-10-28 06:35:31.474 DEBUG dataStore 31730 _a-0000ddcd-3247-8000-9ccd-01ef9001ef90_37330 Object transported.
